2018-10-22 14:21:48 Notice: Notice (8): Undefined index: Enterprises in [C:\Program Files (x86)\Ampps\www\Dev\vendor\cakephp\bake\src\View\Helper\DocBlockHelper.php, line 238]
Trace:
Cake\Error\BaseErrorHandler::handleError() - CORE\src\Error\BaseErrorHandler.php, line 159
Bake\View\Helper\DocBlockHelper::buildTableAnnotations() - ROOT\vendor\cakephp\bake\src\View\Helper\DocBlockHelper.php, line 238
Twig_Template::getAttribute() - ROOT\vendor\twig\twig\lib\Twig\Template.php, line 679
__TwigTemplate_dc17073b31ddb77fff9990c6780f311233ea2817fc4c27cb03a9e426bc2bbc58::doDisplay() - ROOT\tmp\cache\twigView\b3\b3f0df643f06265835cdefa39ca99ddbc979e43f07c7856dda50d88b105d25fd.php, line 22
Twig_Template::displayWithErrorHandling() - ROOT\vendor\twig\twig\lib\Twig\Template.php, line 432
Twig_Template::display() - ROOT\vendor\twig\twig\lib\Twig\Template.php, line 403
Twig_Template::render() - ROOT\vendor\twig\twig\lib\Twig\Template.php, line 411
WyriHaximus\TwigView\View\TwigView::_render() - ROOT\vendor\wyrihaximus\twig-view\src\View\TwigView.php, line 180
Bake\View\BakeView::render() - ROOT\vendor\cakephp\bake\src\View\BakeView.php, line 146
Bake\Shell\Task\BakeTemplateTask::generate() - ROOT\vendor\cakephp\bake\src\Shell\Task\BakeTemplateTask.php, line 91
Bake\Shell\Task\ModelTask::bakeTable() - ROOT\vendor\cakephp\bake\src\Shell\Task\ModelTask.php, line 956
Bake\Shell\Task\ModelTask::bake() - ROOT\vendor\cakephp\bake\src\Shell\Task\ModelTask.php, line 114
Bake\Shell\Task\ModelTask::main() - ROOT\vendor\cakephp\bake\src\Shell\Task\ModelTask.php, line 100
Cake\Console\Shell::runCommand() - CORE\src\Console\Shell.php, line 532
Cake\Console\Shell::runCommand() - CORE\src\Console\Shell.php, line 525
Cake\Console\CommandRunner::runShell() - CORE\src\Console\CommandRunner.php, line 342
Cake\Console\CommandRunner::run() - CORE\src\Console\CommandRunner.php, line 164
[main] - ROOT\bin\cake.php, line 12



2018-10-22 14:26:48 Notice: Notice (8): Undefined index: Internships in [C:\Program Files (x86)\Ampps\www\Dev\vendor\cakephp\bake\src\View\Helper\DocBlockHelper.php, line 238]
Trace:
Cake\Error\BaseErrorHandler::handleError() - CORE\src\Error\BaseErrorHandler.php, line 159
Bake\View\Helper\DocBlockHelper::buildTableAnnotations() - ROOT\vendor\cakephp\bake\src\View\Helper\DocBlockHelper.php, line 238
Twig_Template::getAttribute() - ROOT\vendor\twig\twig\lib\Twig\Template.php, line 679
__TwigTemplate_dc17073b31ddb77fff9990c6780f311233ea2817fc4c27cb03a9e426bc2bbc58::doDisplay() - ROOT\tmp\cache\twigView\b3\b3f0df643f06265835cdefa39ca99ddbc979e43f07c7856dda50d88b105d25fd.php, line 22
Twig_Template::displayWithErrorHandling() - ROOT\vendor\twig\twig\lib\Twig\Template.php, line 432
Twig_Template::display() - ROOT\vendor\twig\twig\lib\Twig\Template.php, line 403
Twig_Template::render() - ROOT\vendor\twig\twig\lib\Twig\Template.php, line 411
WyriHaximus\TwigView\View\TwigView::_render() - ROOT\vendor\wyrihaximus\twig-view\src\View\TwigView.php, line 180
Bake\View\BakeView::render() - ROOT\vendor\cakephp\bake\src\View\BakeView.php, line 146
Bake\Shell\Task\BakeTemplateTask::generate() - ROOT\vendor\cakephp\bake\src\Shell\Task\BakeTemplateTask.php, line 91
Bake\Shell\Task\ModelTask::bakeTable() - ROOT\vendor\cakephp\bake\src\Shell\Task\ModelTask.php, line 956
Bake\Shell\Task\ModelTask::bake() - ROOT\vendor\cakephp\bake\src\Shell\Task\ModelTask.php, line 114
Bake\Shell\Task\ModelTask::main() - ROOT\vendor\cakephp\bake\src\Shell\Task\ModelTask.php, line 100
Cake\Console\Shell::runCommand() - CORE\src\Console\Shell.php, line 532
Cake\Console\Shell::runCommand() - CORE\src\Console\Shell.php, line 525
Cake\Console\CommandRunner::runShell() - CORE\src\Console\CommandRunner.php, line 342
Cake\Console\CommandRunner::run() - CORE\src\Console\CommandRunner.php, line 164
[main] - ROOT\bin\cake.php, line 12



2018-10-22 14:26:48 Notice: Notice (8): Undefined index: ClientTypes in [C:\Program Files (x86)\Ampps\www\Dev\vendor\cakephp\bake\src\View\Helper\DocBlockHelper.php, line 238]
Trace:
Cake\Error\BaseErrorHandler::handleError() - CORE\src\Error\BaseErrorHandler.php, line 159
Bake\View\Helper\DocBlockHelper::buildTableAnnotations() - ROOT\vendor\cakephp\bake\src\View\Helper\DocBlockHelper.php, line 238
Twig_Template::getAttribute() - ROOT\vendor\twig\twig\lib\Twig\Template.php, line 679
__TwigTemplate_dc17073b31ddb77fff9990c6780f311233ea2817fc4c27cb03a9e426bc2bbc58::doDisplay() - ROOT\tmp\cache\twigView\b3\b3f0df643f06265835cdefa39ca99ddbc979e43f07c7856dda50d88b105d25fd.php, line 22
Twig_Template::displayWithErrorHandling() - ROOT\vendor\twig\twig\lib\Twig\Template.php, line 432
Twig_Template::display() - ROOT\vendor\twig\twig\lib\Twig\Template.php, line 403
Twig_Template::render() - ROOT\vendor\twig\twig\lib\Twig\Template.php, line 411
WyriHaximus\TwigView\View\TwigView::_render() - ROOT\vendor\wyrihaximus\twig-view\src\View\TwigView.php, line 180
Bake\View\BakeView::render() - ROOT\vendor\cakephp\bake\src\View\BakeView.php, line 146
Bake\Shell\Task\BakeTemplateTask::generate() - ROOT\vendor\cakephp\bake\src\Shell\Task\BakeTemplateTask.php, line 91
Bake\Shell\Task\ModelTask::bakeTable() - ROOT\vendor\cakephp\bake\src\Shell\Task\ModelTask.php, line 956
Bake\Shell\Task\ModelTask::bake() - ROOT\vendor\cakephp\bake\src\Shell\Task\ModelTask.php, line 114
Bake\Shell\Task\ModelTask::main() - ROOT\vendor\cakephp\bake\src\Shell\Task\ModelTask.php, line 100
Cake\Console\Shell::runCommand() - CORE\src\Console\Shell.php, line 532
Cake\Console\Shell::runCommand() - CORE\src\Console\Shell.php, line 525
Cake\Console\CommandRunner::runShell() - CORE\src\Console\CommandRunner.php, line 342
Cake\Console\CommandRunner::run() - CORE\src\Console\CommandRunner.php, line 164
[main] - ROOT\bin\cake.php, line 12



2018-10-22 14:26:48 Notice: Notice (8): Undefined index: Missions in [C:\Program Files (x86)\Ampps\www\Dev\vendor\cakephp\bake\src\View\Helper\DocBlockHelper.php, line 238]
Trace:
Cake\Error\BaseErrorHandler::handleError() - CORE\src\Error\BaseErrorHandler.php, line 159
Bake\View\Helper\DocBlockHelper::buildTableAnnotations() - ROOT\vendor\cakephp\bake\src\View\Helper\DocBlockHelper.php, line 238
Twig_Template::getAttribute() - ROOT\vendor\twig\twig\lib\Twig\Template.php, line 679
__TwigTemplate_dc17073b31ddb77fff9990c6780f311233ea2817fc4c27cb03a9e426bc2bbc58::doDisplay() - ROOT\tmp\cache\twigView\b3\b3f0df643f06265835cdefa39ca99ddbc979e43f07c7856dda50d88b105d25fd.php, line 22
Twig_Template::displayWithErrorHandling() - ROOT\vendor\twig\twig\lib\Twig\Template.php, line 432
Twig_Template::display() - ROOT\vendor\twig\twig\lib\Twig\Template.php, line 403
Twig_Template::render() - ROOT\vendor\twig\twig\lib\Twig\Template.php, line 411
WyriHaximus\TwigView\View\TwigView::_render() - ROOT\vendor\wyrihaximus\twig-view\src\View\TwigView.php, line 180
Bake\View\BakeView::render() - ROOT\vendor\cakephp\bake\src\View\BakeView.php, line 146
Bake\Shell\Task\BakeTemplateTask::generate() - ROOT\vendor\cakephp\bake\src\Shell\Task\BakeTemplateTask.php, line 91
Bake\Shell\Task\ModelTask::bakeTable() - ROOT\vendor\cakephp\bake\src\Shell\Task\ModelTask.php, line 956
Bake\Shell\Task\ModelTask::bake() - ROOT\vendor\cakephp\bake\src\Shell\Task\ModelTask.php, line 114
Bake\Shell\Task\ModelTask::main() - ROOT\vendor\cakephp\bake\src\Shell\Task\ModelTask.php, line 100
Cake\Console\Shell::runCommand() - CORE\src\Console\Shell.php, line 532
Cake\Console\Shell::runCommand() - CORE\src\Console\Shell.php, line 525
Cake\Console\CommandRunner::runShell() - CORE\src\Console\CommandRunner.php, line 342
Cake\Console\CommandRunner::run() - CORE\src\Console\CommandRunner.php, line 164
[main] - ROOT\bin\cake.php, line 12



2018-11-05 19:36:24 Notice: Notice (8): Undefined variable: internship in [C:\Program Files (x86)\Ampps\www\Dev\src\Template\Internships\add.ctp, line 17]
Request URL: /internships/add
Trace:
Cake\Error\BaseErrorHandler::handleError() - CORE\src\Error\BaseErrorHandler.php, line 159
include - APP/Template\Internships\add.ctp, line 17
Cake\View\View::_evaluate() - CORE\src\View\View.php, line 1240
Cake\View\View::_render() - CORE\src\View\View.php, line 1201
Cake\View\View::render() - CORE\src\View\View.php, line 803
Cake\Controller\Controller::render() - CORE\src\Controller\Controller.php, line 777
Cake\Http\ActionDispatcher::_invoke() - CORE\src\Http\ActionDispatcher.php, line 126
Cake\Http\ActionDispatcher::dispatch() - CORE\src\Http\ActionDispatcher.php, line 94
Cake\Http\BaseApplication::__invoke() - CORE\src\Http\BaseApplication.php, line 235
Cake\Http\Runner::__invoke() - CORE\src\Http\Runner.php, line 65
Cake\Http\Middleware\CsrfProtectionMiddleware::__invoke() - CORE\src\Http\Middleware\CsrfProtectionMiddleware.php, line 103
Cake\Http\Runner::__invoke() - CORE\src\Http\Runner.php, line 65
Cake\Routing\Middleware\RoutingMiddleware::__invoke() - CORE\src\Routing\Middleware\RoutingMiddleware.php, line 156
Cake\Http\Runner::__invoke() - CORE\src\Http\Runner.php, line 65
Cake\Routing\Middleware\AssetMiddleware::__invoke() - CORE\src\Routing\Middleware\AssetMiddleware.php, line 88
Cake\Http\Runner::__invoke() - CORE\src\Http\Runner.php, line 65
Cake\Error\Middleware\ErrorHandlerMiddleware::__invoke() - CORE\src\Error\Middleware\ErrorHandlerMiddleware.php, line 98
Cake\Http\Runner::__invoke() - CORE\src\Http\Runner.php, line 65
Cake\Http\Runner::run() - CORE\src\Http\Runner.php, line 51
Cake\Http\Server::run() - CORE\src\Http\Server.php, line 98
Cake\TestSuite\MiddlewareDispatcher::execute() - CORE\src\TestSuite\MiddlewareDispatcher.php, line 149
Cake\TestSuite\IntegrationTestCase::_sendRequest() - CORE\src\TestSuite\IntegrationTestCase.php, line 495
Cake\TestSuite\IntegrationTestCase::get() - CORE\src\TestSuite\IntegrationTestCase.php, line 375
App\Test\TestCase\Controller\InternshipsControllerTest::testAdd() - ROOT\tests\TestCase\Controller\InternshipsControllerTest.php, line 81
ReflectionMethod::invokeArgs() - [internal], line ??
PHPUnit\Framework\TestCase::runTest() - ROOT\vendor\phpunit\phpunit\src\Framework\TestCase.php, line 1071
PHPUnit\Framework\TestCase::runBare() - ROOT\vendor\phpunit\phpunit\src\Framework\TestCase.php, line 939
PHPUnit\Framework\TestResult::run() - ROOT\vendor\phpunit\phpunit\src\Framework\TestResult.php, line 698
PHPUnit\Framework\TestCase::run() - ROOT\vendor\phpunit\phpunit\src\Framework\TestCase.php, line 894
PHPUnit\Framework\TestSuite::run() - ROOT\vendor\phpunit\phpunit\src\Framework\TestSuite.php, line 755
PHPUnit\TextUI\TestRunner::doRun() - ROOT\vendor\phpunit\phpunit\src\TextUI\TestRunner.php, line 545
PHPUnit\TextUI\Command::run() - ROOT\vendor\phpunit\phpunit\src\TextUI\Command.php, line 195
PHPUnit\TextUI\Command::main() - ROOT\vendor\phpunit\phpunit\src\TextUI\Command.php, line 148
[main] - ROOT\vendor\phpunit\phpunit\phpunit, line 53



2018-11-05 19:38:50 Notice: Notice (8): Undefined variable: internship in [C:\Program Files (x86)\Ampps\www\Dev\src\Template\Internships\add.ctp, line 17]
Request URL: /internships/add
Trace:
Cake\Error\BaseErrorHandler::handleError() - CORE\src\Error\BaseErrorHandler.php, line 159
include - APP/Template\Internships\add.ctp, line 17
Cake\View\View::_evaluate() - CORE\src\View\View.php, line 1240
Cake\View\View::_render() - CORE\src\View\View.php, line 1201
Cake\View\View::render() - CORE\src\View\View.php, line 803
Cake\Controller\Controller::render() - CORE\src\Controller\Controller.php, line 777
Cake\Http\ActionDispatcher::_invoke() - CORE\src\Http\ActionDispatcher.php, line 126
Cake\Http\ActionDispatcher::dispatch() - CORE\src\Http\ActionDispatcher.php, line 94
Cake\Http\BaseApplication::__invoke() - CORE\src\Http\BaseApplication.php, line 235
Cake\Http\Runner::__invoke() - CORE\src\Http\Runner.php, line 65
Cake\Http\Middleware\CsrfProtectionMiddleware::__invoke() - CORE\src\Http\Middleware\CsrfProtectionMiddleware.php, line 103
Cake\Http\Runner::__invoke() - CORE\src\Http\Runner.php, line 65
Cake\Routing\Middleware\RoutingMiddleware::__invoke() - CORE\src\Routing\Middleware\RoutingMiddleware.php, line 156
Cake\Http\Runner::__invoke() - CORE\src\Http\Runner.php, line 65
Cake\Routing\Middleware\AssetMiddleware::__invoke() - CORE\src\Routing\Middleware\AssetMiddleware.php, line 88
Cake\Http\Runner::__invoke() - CORE\src\Http\Runner.php, line 65
Cake\Error\Middleware\ErrorHandlerMiddleware::__invoke() - CORE\src\Error\Middleware\ErrorHandlerMiddleware.php, line 98
Cake\Http\Runner::__invoke() - CORE\src\Http\Runner.php, line 65
Cake\Http\Runner::run() - CORE\src\Http\Runner.php, line 51
Cake\Http\Server::run() - CORE\src\Http\Server.php, line 98
Cake\TestSuite\MiddlewareDispatcher::execute() - CORE\src\TestSuite\MiddlewareDispatcher.php, line 149
Cake\TestSuite\IntegrationTestCase::_sendRequest() - CORE\src\TestSuite\IntegrationTestCase.php, line 495
Cake\TestSuite\IntegrationTestCase::get() - CORE\src\TestSuite\IntegrationTestCase.php, line 375
App\Test\TestCase\Controller\InternshipsControllerTest::testAdd() - ROOT\tests\TestCase\Controller\InternshipsControllerTest.php, line 81
ReflectionMethod::invokeArgs() - [internal], line ??
PHPUnit\Framework\TestCase::runTest() - ROOT\vendor\phpunit\phpunit\src\Framework\TestCase.php, line 1071
PHPUnit\Framework\TestCase::runBare() - ROOT\vendor\phpunit\phpunit\src\Framework\TestCase.php, line 939
PHPUnit\Framework\TestResult::run() - ROOT\vendor\phpunit\phpunit\src\Framework\TestResult.php, line 698
PHPUnit\Framework\TestCase::run() - ROOT\vendor\phpunit\phpunit\src\Framework\TestCase.php, line 894
PHPUnit\Framework\TestSuite::run() - ROOT\vendor\phpunit\phpunit\src\Framework\TestSuite.php, line 755
PHPUnit\TextUI\TestRunner::doRun() - ROOT\vendor\phpunit\phpunit\src\TextUI\TestRunner.php, line 545
PHPUnit\TextUI\Command::run() - ROOT\vendor\phpunit\phpunit\src\TextUI\Command.php, line 195
PHPUnit\TextUI\Command::main() - ROOT\vendor\phpunit\phpunit\src\TextUI\Command.php, line 148
[main] - ROOT\vendor\phpunit\phpunit\phpunit, line 53



2018-11-05 19:41:08 Notice: Notice (8): Undefined variable: internship in [C:\Program Files (x86)\Ampps\www\Dev\src\Template\Internships\add.ctp, line 17]
Request URL: /internships/add
Trace:
Cake\Error\BaseErrorHandler::handleError() - CORE\src\Error\BaseErrorHandler.php, line 159
include - APP/Template\Internships\add.ctp, line 17
Cake\View\View::_evaluate() - CORE\src\View\View.php, line 1240
Cake\View\View::_render() - CORE\src\View\View.php, line 1201
Cake\View\View::render() - CORE\src\View\View.php, line 803
Cake\Controller\Controller::render() - CORE\src\Controller\Controller.php, line 777
Cake\Http\ActionDispatcher::_invoke() - CORE\src\Http\ActionDispatcher.php, line 126
Cake\Http\ActionDispatcher::dispatch() - CORE\src\Http\ActionDispatcher.php, line 94
Cake\Http\BaseApplication::__invoke() - CORE\src\Http\BaseApplication.php, line 235
Cake\Http\Runner::__invoke() - CORE\src\Http\Runner.php, line 65
Cake\Http\Middleware\CsrfProtectionMiddleware::__invoke() - CORE\src\Http\Middleware\CsrfProtectionMiddleware.php, line 103
Cake\Http\Runner::__invoke() - CORE\src\Http\Runner.php, line 65
Cake\Routing\Middleware\RoutingMiddleware::__invoke() - CORE\src\Routing\Middleware\RoutingMiddleware.php, line 156
Cake\Http\Runner::__invoke() - CORE\src\Http\Runner.php, line 65
Cake\Routing\Middleware\AssetMiddleware::__invoke() - CORE\src\Routing\Middleware\AssetMiddleware.php, line 88
Cake\Http\Runner::__invoke() - CORE\src\Http\Runner.php, line 65
Cake\Error\Middleware\ErrorHandlerMiddleware::__invoke() - CORE\src\Error\Middleware\ErrorHandlerMiddleware.php, line 98
Cake\Http\Runner::__invoke() - CORE\src\Http\Runner.php, line 65
Cake\Http\Runner::run() - CORE\src\Http\Runner.php, line 51
Cake\Http\Server::run() - CORE\src\Http\Server.php, line 98
Cake\TestSuite\MiddlewareDispatcher::execute() - CORE\src\TestSuite\MiddlewareDispatcher.php, line 149
Cake\TestSuite\IntegrationTestCase::_sendRequest() - CORE\src\TestSuite\IntegrationTestCase.php, line 495
Cake\TestSuite\IntegrationTestCase::get() - CORE\src\TestSuite\IntegrationTestCase.php, line 375
App\Test\TestCase\Controller\InternshipsControllerTest::testAdd() - ROOT\tests\TestCase\Controller\InternshipsControllerTest.php, line 81
ReflectionMethod::invokeArgs() - [internal], line ??
PHPUnit\Framework\TestCase::runTest() - ROOT\vendor\phpunit\phpunit\src\Framework\TestCase.php, line 1071
PHPUnit\Framework\TestCase::runBare() - ROOT\vendor\phpunit\phpunit\src\Framework\TestCase.php, line 939
PHPUnit\Framework\TestResult::run() - ROOT\vendor\phpunit\phpunit\src\Framework\TestResult.php, line 698
PHPUnit\Framework\TestCase::run() - ROOT\vendor\phpunit\phpunit\src\Framework\TestCase.php, line 894
PHPUnit\Framework\TestSuite::run() - ROOT\vendor\phpunit\phpunit\src\Framework\TestSuite.php, line 755
PHPUnit\TextUI\TestRunner::doRun() - ROOT\vendor\phpunit\phpunit\src\TextUI\TestRunner.php, line 545
PHPUnit\TextUI\Command::run() - ROOT\vendor\phpunit\phpunit\src\TextUI\Command.php, line 195
PHPUnit\TextUI\Command::main() - ROOT\vendor\phpunit\phpunit\src\TextUI\Command.php, line 148
[main] - ROOT\vendor\phpunit\phpunit\phpunit, line 53



2018-11-05 19:41:52 Notice: Notice (8): Undefined variable: internship in [C:\Program Files (x86)\Ampps\www\Dev\src\Template\Internships\add.ctp, line 17]
Request URL: /internships/add
Trace:
Cake\Error\BaseErrorHandler::handleError() - CORE\src\Error\BaseErrorHandler.php, line 159
include - APP/Template\Internships\add.ctp, line 17
Cake\View\View::_evaluate() - CORE\src\View\View.php, line 1240
Cake\View\View::_render() - CORE\src\View\View.php, line 1201
Cake\View\View::render() - CORE\src\View\View.php, line 803
Cake\Controller\Controller::render() - CORE\src\Controller\Controller.php, line 777
Cake\Http\ActionDispatcher::_invoke() - CORE\src\Http\ActionDispatcher.php, line 126
Cake\Http\ActionDispatcher::dispatch() - CORE\src\Http\ActionDispatcher.php, line 94
Cake\Http\BaseApplication::__invoke() - CORE\src\Http\BaseApplication.php, line 235
Cake\Http\Runner::__invoke() - CORE\src\Http\Runner.php, line 65
Cake\Http\Middleware\CsrfProtectionMiddleware::__invoke() - CORE\src\Http\Middleware\CsrfProtectionMiddleware.php, line 103
Cake\Http\Runner::__invoke() - CORE\src\Http\Runner.php, line 65
Cake\Routing\Middleware\RoutingMiddleware::__invoke() - CORE\src\Routing\Middleware\RoutingMiddleware.php, line 156
Cake\Http\Runner::__invoke() - CORE\src\Http\Runner.php, line 65
Cake\Routing\Middleware\AssetMiddleware::__invoke() - CORE\src\Routing\Middleware\AssetMiddleware.php, line 88
Cake\Http\Runner::__invoke() - CORE\src\Http\Runner.php, line 65
Cake\Error\Middleware\ErrorHandlerMiddleware::__invoke() - CORE\src\Error\Middleware\ErrorHandlerMiddleware.php, line 98
Cake\Http\Runner::__invoke() - CORE\src\Http\Runner.php, line 65
Cake\Http\Runner::run() - CORE\src\Http\Runner.php, line 51
Cake\Http\Server::run() - CORE\src\Http\Server.php, line 98
Cake\TestSuite\MiddlewareDispatcher::execute() - CORE\src\TestSuite\MiddlewareDispatcher.php, line 149
Cake\TestSuite\IntegrationTestCase::_sendRequest() - CORE\src\TestSuite\IntegrationTestCase.php, line 495
Cake\TestSuite\IntegrationTestCase::get() - CORE\src\TestSuite\IntegrationTestCase.php, line 375
App\Test\TestCase\Controller\InternshipsControllerTest::testAdd() - ROOT\tests\TestCase\Controller\InternshipsControllerTest.php, line 81
ReflectionMethod::invokeArgs() - [internal], line ??
PHPUnit\Framework\TestCase::runTest() - ROOT\vendor\phpunit\phpunit\src\Framework\TestCase.php, line 1071
PHPUnit\Framework\TestCase::runBare() - ROOT\vendor\phpunit\phpunit\src\Framework\TestCase.php, line 939
PHPUnit\Framework\TestResult::run() - ROOT\vendor\phpunit\phpunit\src\Framework\TestResult.php, line 698
PHPUnit\Framework\TestCase::run() - ROOT\vendor\phpunit\phpunit\src\Framework\TestCase.php, line 894
PHPUnit\Framework\TestSuite::run() - ROOT\vendor\phpunit\phpunit\src\Framework\TestSuite.php, line 755
PHPUnit\TextUI\TestRunner::doRun() - ROOT\vendor\phpunit\phpunit\src\TextUI\TestRunner.php, line 545
PHPUnit\TextUI\Command::run() - ROOT\vendor\phpunit\phpunit\src\TextUI\Command.php, line 195
PHPUnit\TextUI\Command::main() - ROOT\vendor\phpunit\phpunit\src\TextUI\Command.php, line 148
[main] - ROOT\vendor\phpunit\phpunit\phpunit, line 53



2018-11-05 19:41:52 Notice: Notice (8): Undefined variable: internship in [C:\Program Files (x86)\Ampps\www\Dev\src\Template\Internships\add.ctp, line 17]
Request URL: /internships/add
Trace:
Cake\Error\BaseErrorHandler::handleError() - CORE\src\Error\BaseErrorHandler.php, line 159
include - APP/Template\Internships\add.ctp, line 17
Cake\View\View::_evaluate() - CORE\src\View\View.php, line 1240
Cake\View\View::_render() - CORE\src\View\View.php, line 1201
Cake\View\View::render() - CORE\src\View\View.php, line 803
Cake\Controller\Controller::render() - CORE\src\Controller\Controller.php, line 777
Cake\Http\ActionDispatcher::_invoke() - CORE\src\Http\ActionDispatcher.php, line 126
Cake\Http\ActionDispatcher::dispatch() - CORE\src\Http\ActionDispatcher.php, line 94
Cake\Http\BaseApplication::__invoke() - CORE\src\Http\BaseApplication.php, line 235
Cake\Http\Runner::__invoke() - CORE\src\Http\Runner.php, line 65
Cake\Http\Middleware\CsrfProtectionMiddleware::__invoke() - CORE\src\Http\Middleware\CsrfProtectionMiddleware.php, line 107
Cake\Http\Runner::__invoke() - CORE\src\Http\Runner.php, line 65
Cake\Routing\Middleware\RoutingMiddleware::__invoke() - CORE\src\Routing\Middleware\RoutingMiddleware.php, line 156
Cake\Http\Runner::__invoke() - CORE\src\Http\Runner.php, line 65
Cake\Routing\Middleware\AssetMiddleware::__invoke() - CORE\src\Routing\Middleware\AssetMiddleware.php, line 88
Cake\Http\Runner::__invoke() - CORE\src\Http\Runner.php, line 65
Cake\Error\Middleware\ErrorHandlerMiddleware::__invoke() - CORE\src\Error\Middleware\ErrorHandlerMiddleware.php, line 98
Cake\Http\Runner::__invoke() - CORE\src\Http\Runner.php, line 65
Cake\Http\Runner::run() - CORE\src\Http\Runner.php, line 51
Cake\Http\Server::run() - CORE\src\Http\Server.php, line 98
Cake\TestSuite\MiddlewareDispatcher::execute() - CORE\src\TestSuite\MiddlewareDispatcher.php, line 149
Cake\TestSuite\IntegrationTestCase::_sendRequest() - CORE\src\TestSuite\IntegrationTestCase.php, line 495
Cake\TestSuite\IntegrationTestCase::post() - CORE\src\TestSuite\IntegrationTestCase.php, line 392
App\Test\TestCase\Controller\InternshipsControllerTest::testAdd() - ROOT\tests\TestCase\Controller\InternshipsControllerTest.php, line 100
ReflectionMethod::invokeArgs() - [internal], line ??
PHPUnit\Framework\TestCase::runTest() - ROOT\vendor\phpunit\phpunit\src\Framework\TestCase.php, line 1071
PHPUnit\Framework\TestCase::runBare() - ROOT\vendor\phpunit\phpunit\src\Framework\TestCase.php, line 939
PHPUnit\Framework\TestResult::run() - ROOT\vendor\phpunit\phpunit\src\Framework\TestResult.php, line 698
PHPUnit\Framework\TestCase::run() - ROOT\vendor\phpunit\phpunit\src\Framework\TestCase.php, line 894
PHPUnit\Framework\TestSuite::run() - ROOT\vendor\phpunit\phpunit\src\Framework\TestSuite.php, line 755
PHPUnit\TextUI\TestRunner::doRun() - ROOT\vendor\phpunit\phpunit\src\TextUI\TestRunner.php, line 545
PHPUnit\TextUI\Command::run() - ROOT\vendor\phpunit\phpunit\src\TextUI\Command.php, line 195
PHPUnit\TextUI\Command::main() - ROOT\vendor\phpunit\phpunit\src\TextUI\Command.php, line 148
[main] - ROOT\vendor\phpunit\phpunit\phpunit, line 53



2018-11-05 19:44:46 Notice: Notice (8): Undefined variable: internship in [C:\Program Files (x86)\Ampps\www\Dev\src\Template\Internships\add.ctp, line 17]
Request URL: /internships/add
Trace:
Cake\Error\BaseErrorHandler::handleError() - CORE\src\Error\BaseErrorHandler.php, line 159
include - APP/Template\Internships\add.ctp, line 17
Cake\View\View::_evaluate() - CORE\src\View\View.php, line 1240
Cake\View\View::_render() - CORE\src\View\View.php, line 1201
Cake\View\View::render() - CORE\src\View\View.php, line 803
Cake\Controller\Controller::render() - CORE\src\Controller\Controller.php, line 777
Cake\Http\ActionDispatcher::_invoke() - CORE\src\Http\ActionDispatcher.php, line 126
Cake\Http\ActionDispatcher::dispatch() - CORE\src\Http\ActionDispatcher.php, line 94
Cake\Http\BaseApplication::__invoke() - CORE\src\Http\BaseApplication.php, line 235
Cake\Http\Runner::__invoke() - CORE\src\Http\Runner.php, line 65
Cake\Http\Middleware\CsrfProtectionMiddleware::__invoke() - CORE\src\Http\Middleware\CsrfProtectionMiddleware.php, line 103
Cake\Http\Runner::__invoke() - CORE\src\Http\Runner.php, line 65
Cake\Routing\Middleware\RoutingMiddleware::__invoke() - CORE\src\Routing\Middleware\RoutingMiddleware.php, line 156
Cake\Http\Runner::__invoke() - CORE\src\Http\Runner.php, line 65
Cake\Routing\Middleware\AssetMiddleware::__invoke() - CORE\src\Routing\Middleware\AssetMiddleware.php, line 88
Cake\Http\Runner::__invoke() - CORE\src\Http\Runner.php, line 65
Cake\Error\Middleware\ErrorHandlerMiddleware::__invoke() - CORE\src\Error\Middleware\ErrorHandlerMiddleware.php, line 98
Cake\Http\Runner::__invoke() - CORE\src\Http\Runner.php, line 65
Cake\Http\Runner::run() - CORE\src\Http\Runner.php, line 51
Cake\Http\Server::run() - CORE\src\Http\Server.php, line 98
Cake\TestSuite\MiddlewareDispatcher::execute() - CORE\src\TestSuite\MiddlewareDispatcher.php, line 149
Cake\TestSuite\IntegrationTestCase::_sendRequest() - CORE\src\TestSuite\IntegrationTestCase.php, line 495
Cake\TestSuite\IntegrationTestCase::get() - CORE\src\TestSuite\IntegrationTestCase.php, line 375
App\Test\TestCase\Controller\InternshipsControllerTest::testAdd() - ROOT\tests\TestCase\Controller\InternshipsControllerTest.php, line 81
ReflectionMethod::invokeArgs() - [internal], line ??
PHPUnit\Framework\TestCase::runTest() - ROOT\vendor\phpunit\phpunit\src\Framework\TestCase.php, line 1071
PHPUnit\Framework\TestCase::runBare() - ROOT\vendor\phpunit\phpunit\src\Framework\TestCase.php, line 939
PHPUnit\Framework\TestResult::run() - ROOT\vendor\phpunit\phpunit\src\Framework\TestResult.php, line 698
PHPUnit\Framework\TestCase::run() - ROOT\vendor\phpunit\phpunit\src\Framework\TestCase.php, line 894
PHPUnit\Framework\TestSuite::run() - ROOT\vendor\phpunit\phpunit\src\Framework\TestSuite.php, line 755
PHPUnit\TextUI\TestRunner::doRun() - ROOT\vendor\phpunit\phpunit\src\TextUI\TestRunner.php, line 545
PHPUnit\TextUI\Command::run() - ROOT\vendor\phpunit\phpunit\src\TextUI\Command.php, line 195
PHPUnit\TextUI\Command::main() - ROOT\vendor\phpunit\phpunit\src\TextUI\Command.php, line 148
[main] - ROOT\vendor\phpunit\phpunit\phpunit, line 53



2018-11-05 19:44:46 Notice: Notice (8): Undefined variable: internship in [C:\Program Files (x86)\Ampps\www\Dev\src\Template\Internships\add.ctp, line 17]
Request URL: /internships/add
Trace:
Cake\Error\BaseErrorHandler::handleError() - CORE\src\Error\BaseErrorHandler.php, line 159
include - APP/Template\Internships\add.ctp, line 17
Cake\View\View::_evaluate() - CORE\src\View\View.php, line 1240
Cake\View\View::_render() - CORE\src\View\View.php, line 1201
Cake\View\View::render() - CORE\src\View\View.php, line 803
Cake\Controller\Controller::render() - CORE\src\Controller\Controller.php, line 777
Cake\Http\ActionDispatcher::_invoke() - CORE\src\Http\ActionDispatcher.php, line 126
Cake\Http\ActionDispatcher::dispatch() - CORE\src\Http\ActionDispatcher.php, line 94
Cake\Http\BaseApplication::__invoke() - CORE\src\Http\BaseApplication.php, line 235
Cake\Http\Runner::__invoke() - CORE\src\Http\Runner.php, line 65
Cake\Http\Middleware\CsrfProtectionMiddleware::__invoke() - CORE\src\Http\Middleware\CsrfProtectionMiddleware.php, line 107
Cake\Http\Runner::__invoke() - CORE\src\Http\Runner.php, line 65
Cake\Routing\Middleware\RoutingMiddleware::__invoke() - CORE\src\Routing\Middleware\RoutingMiddleware.php, line 156
Cake\Http\Runner::__invoke() - CORE\src\Http\Runner.php, line 65
Cake\Routing\Middleware\AssetMiddleware::__invoke() - CORE\src\Routing\Middleware\AssetMiddleware.php, line 88
Cake\Http\Runner::__invoke() - CORE\src\Http\Runner.php, line 65
Cake\Error\Middleware\ErrorHandlerMiddleware::__invoke() - CORE\src\Error\Middleware\ErrorHandlerMiddleware.php, line 98
Cake\Http\Runner::__invoke() - CORE\src\Http\Runner.php, line 65
Cake\Http\Runner::run() - CORE\src\Http\Runner.php, line 51
Cake\Http\Server::run() - CORE\src\Http\Server.php, line 98
Cake\TestSuite\MiddlewareDispatcher::execute() - CORE\src\TestSuite\MiddlewareDispatcher.php, line 149
Cake\TestSuite\IntegrationTestCase::_sendRequest() - CORE\src\TestSuite\IntegrationTestCase.php, line 495
Cake\TestSuite\IntegrationTestCase::post() - CORE\src\TestSuite\IntegrationTestCase.php, line 392
App\Test\TestCase\Controller\InternshipsControllerTest::testAdd() - ROOT\tests\TestCase\Controller\InternshipsControllerTest.php, line 100
ReflectionMethod::invokeArgs() - [internal], line ??
PHPUnit\Framework\TestCase::runTest() - ROOT\vendor\phpunit\phpunit\src\Framework\TestCase.php, line 1071
PHPUnit\Framework\TestCase::runBare() - ROOT\vendor\phpunit\phpunit\src\Framework\TestCase.php, line 939
PHPUnit\Framework\TestResult::run() - ROOT\vendor\phpunit\phpunit\src\Framework\TestResult.php, line 698
PHPUnit\Framework\TestCase::run() - ROOT\vendor\phpunit\phpunit\src\Framework\TestCase.php, line 894
PHPUnit\Framework\TestSuite::run() - ROOT\vendor\phpunit\phpunit\src\Framework\TestSuite.php, line 755
PHPUnit\TextUI\TestRunner::doRun() - ROOT\vendor\phpunit\phpunit\src\TextUI\TestRunner.php, line 545
PHPUnit\TextUI\Command::run() - ROOT\vendor\phpunit\phpunit\src\TextUI\Command.php, line 195
PHPUnit\TextUI\Command::main() - ROOT\vendor\phpunit\phpunit\src\TextUI\Command.php, line 148
[main] - ROOT\vendor\phpunit\phpunit\phpunit, line 53



2018-11-05 19:44:46 Notice: Notice (8): Undefined property: App\Test\TestCase\Controller\InternshipsControllerTest::$Internships in [C:\Program Files (x86)\Ampps\www\Dev\tests\TestCase\Controller\InternshipsControllerTest.php, line 102]
Request URL: /internships/add
Trace:
Cake\Error\BaseErrorHandler::handleError() - CORE\src\Error\BaseErrorHandler.php, line 159
App\Test\TestCase\Controller\InternshipsControllerTest::testAdd() - ROOT\tests\TestCase\Controller\InternshipsControllerTest.php, line 102
ReflectionMethod::invokeArgs() - [internal], line ??
PHPUnit\Framework\TestCase::runTest() - ROOT\vendor\phpunit\phpunit\src\Framework\TestCase.php, line 1071
PHPUnit\Framework\TestCase::runBare() - ROOT\vendor\phpunit\phpunit\src\Framework\TestCase.php, line 939
PHPUnit\Framework\TestResult::run() - ROOT\vendor\phpunit\phpunit\src\Framework\TestResult.php, line 698
PHPUnit\Framework\TestCase::run() - ROOT\vendor\phpunit\phpunit\src\Framework\TestCase.php, line 894
PHPUnit\Framework\TestSuite::run() - ROOT\vendor\phpunit\phpunit\src\Framework\TestSuite.php, line 755
PHPUnit\TextUI\TestRunner::doRun() - ROOT\vendor\phpunit\phpunit\src\TextUI\TestRunner.php, line 545
PHPUnit\TextUI\Command::run() - ROOT\vendor\phpunit\phpunit\src\TextUI\Command.php, line 195
PHPUnit\TextUI\Command::main() - ROOT\vendor\phpunit\phpunit\src\TextUI\Command.php, line 148
[main] - ROOT\vendor\phpunit\phpunit\phpunit, line 53



2018-11-05 19:46:07 Notice: Notice (8): Undefined variable: internship in [C:\Program Files (x86)\Ampps\www\Dev\src\Template\Internships\add.ctp, line 17]
Request URL: /internships/add
Trace:
Cake\Error\BaseErrorHandler::handleError() - CORE\src\Error\BaseErrorHandler.php, line 159
include - APP/Template\Internships\add.ctp, line 17
Cake\View\View::_evaluate() - CORE\src\View\View.php, line 1240
Cake\View\View::_render() - CORE\src\View\View.php, line 1201
Cake\View\View::render() - CORE\src\View\View.php, line 803
Cake\Controller\Controller::render() - CORE\src\Controller\Controller.php, line 777
Cake\Http\ActionDispatcher::_invoke() - CORE\src\Http\ActionDispatcher.php, line 126
Cake\Http\ActionDispatcher::dispatch() - CORE\src\Http\ActionDispatcher.php, line 94
Cake\Http\BaseApplication::__invoke() - CORE\src\Http\BaseApplication.php, line 235
Cake\Http\Runner::__invoke() - CORE\src\Http\Runner.php, line 65
Cake\Http\Middleware\CsrfProtectionMiddleware::__invoke() - CORE\src\Http\Middleware\CsrfProtectionMiddleware.php, line 103
Cake\Http\Runner::__invoke() - CORE\src\Http\Runner.php, line 65
Cake\Routing\Middleware\RoutingMiddleware::__invoke() - CORE\src\Routing\Middleware\RoutingMiddleware.php, line 156
Cake\Http\Runner::__invoke() - CORE\src\Http\Runner.php, line 65
Cake\Routing\Middleware\AssetMiddleware::__invoke() - CORE\src\Routing\Middleware\AssetMiddleware.php, line 88
Cake\Http\Runner::__invoke() - CORE\src\Http\Runner.php, line 65
Cake\Error\Middleware\ErrorHandlerMiddleware::__invoke() - CORE\src\Error\Middleware\ErrorHandlerMiddleware.php, line 98
Cake\Http\Runner::__invoke() - CORE\src\Http\Runner.php, line 65
Cake\Http\Runner::run() - CORE\src\Http\Runner.php, line 51
Cake\Http\Server::run() - CORE\src\Http\Server.php, line 98
Cake\TestSuite\MiddlewareDispatcher::execute() - CORE\src\TestSuite\MiddlewareDispatcher.php, line 149
Cake\TestSuite\IntegrationTestCase::_sendRequest() - CORE\src\TestSuite\IntegrationTestCase.php, line 495
Cake\TestSuite\IntegrationTestCase::get() - CORE\src\TestSuite\IntegrationTestCase.php, line 375
App\Test\TestCase\Controller\InternshipsControllerTest::testAdd() - ROOT\tests\TestCase\Controller\InternshipsControllerTest.php, line 81
ReflectionMethod::invokeArgs() - [internal], line ??
PHPUnit\Framework\TestCase::runTest() - ROOT\vendor\phpunit\phpunit\src\Framework\TestCase.php, line 1071
PHPUnit\Framework\TestCase::runBare() - ROOT\vendor\phpunit\phpunit\src\Framework\TestCase.php, line 939
PHPUnit\Framework\TestResult::run() - ROOT\vendor\phpunit\phpunit\src\Framework\TestResult.php, line 698
PHPUnit\Framework\TestCase::run() - ROOT\vendor\phpunit\phpunit\src\Framework\TestCase.php, line 894
PHPUnit\Framework\TestSuite::run() - ROOT\vendor\phpunit\phpunit\src\Framework\TestSuite.php, line 755
PHPUnit\TextUI\TestRunner::doRun() - ROOT\vendor\phpunit\phpunit\src\TextUI\TestRunner.php, line 545
PHPUnit\TextUI\Command::run() - ROOT\vendor\phpunit\phpunit\src\TextUI\Command.php, line 195
PHPUnit\TextUI\Command::main() - ROOT\vendor\phpunit\phpunit\src\TextUI\Command.php, line 148
[main] - ROOT\vendor\phpunit\phpunit\phpunit, line 53



2018-11-05 19:46:07 Notice: Notice (8): Undefined variable: internship in [C:\Program Files (x86)\Ampps\www\Dev\src\Template\Internships\add.ctp, line 17]
Request URL: /internships/add
Trace:
Cake\Error\BaseErrorHandler::handleError() - CORE\src\Error\BaseErrorHandler.php, line 159
include - APP/Template\Internships\add.ctp, line 17
Cake\View\View::_evaluate() - CORE\src\View\View.php, line 1240
Cake\View\View::_render() - CORE\src\View\View.php, line 1201
Cake\View\View::render() - CORE\src\View\View.php, line 803
Cake\Controller\Controller::render() - CORE\src\Controller\Controller.php, line 777
Cake\Http\ActionDispatcher::_invoke() - CORE\src\Http\ActionDispatcher.php, line 126
Cake\Http\ActionDispatcher::dispatch() - CORE\src\Http\ActionDispatcher.php, line 94
Cake\Http\BaseApplication::__invoke() - CORE\src\Http\BaseApplication.php, line 235
Cake\Http\Runner::__invoke() - CORE\src\Http\Runner.php, line 65
Cake\Http\Middleware\CsrfProtectionMiddleware::__invoke() - CORE\src\Http\Middleware\CsrfProtectionMiddleware.php, line 107
Cake\Http\Runner::__invoke() - CORE\src\Http\Runner.php, line 65
Cake\Routing\Middleware\RoutingMiddleware::__invoke() - CORE\src\Routing\Middleware\RoutingMiddleware.php, line 156
Cake\Http\Runner::__invoke() - CORE\src\Http\Runner.php, line 65
Cake\Routing\Middleware\AssetMiddleware::__invoke() - CORE\src\Routing\Middleware\AssetMiddleware.php, line 88
Cake\Http\Runner::__invoke() - CORE\src\Http\Runner.php, line 65
Cake\Error\Middleware\ErrorHandlerMiddleware::__invoke() - CORE\src\Error\Middleware\ErrorHandlerMiddleware.php, line 98
Cake\Http\Runner::__invoke() - CORE\src\Http\Runner.php, line 65
Cake\Http\Runner::run() - CORE\src\Http\Runner.php, line 51
Cake\Http\Server::run() - CORE\src\Http\Server.php, line 98
Cake\TestSuite\MiddlewareDispatcher::execute() - CORE\src\TestSuite\MiddlewareDispatcher.php, line 149
Cake\TestSuite\IntegrationTestCase::_sendRequest() - CORE\src\TestSuite\IntegrationTestCase.php, line 495
Cake\TestSuite\IntegrationTestCase::post() - CORE\src\TestSuite\IntegrationTestCase.php, line 392
App\Test\TestCase\Controller\InternshipsControllerTest::testAdd() - ROOT\tests\TestCase\Controller\InternshipsControllerTest.php, line 100
ReflectionMethod::invokeArgs() - [internal], line ??
PHPUnit\Framework\TestCase::runTest() - ROOT\vendor\phpunit\phpunit\src\Framework\TestCase.php, line 1071
PHPUnit\Framework\TestCase::runBare() - ROOT\vendor\phpunit\phpunit\src\Framework\TestCase.php, line 939
PHPUnit\Framework\TestResult::run() - ROOT\vendor\phpunit\phpunit\src\Framework\TestResult.php, line 698
PHPUnit\Framework\TestCase::run() - ROOT\vendor\phpunit\phpunit\src\Framework\TestCase.php, line 894
PHPUnit\Framework\TestSuite::run() - ROOT\vendor\phpunit\phpunit\src\Framework\TestSuite.php, line 755
PHPUnit\TextUI\TestRunner::doRun() - ROOT\vendor\phpunit\phpunit\src\TextUI\TestRunner.php, line 545
PHPUnit\TextUI\Command::run() - ROOT\vendor\phpunit\phpunit\src\TextUI\Command.php, line 195
PHPUnit\TextUI\Command::main() - ROOT\vendor\phpunit\phpunit\src\TextUI\Command.php, line 148
[main] - ROOT\vendor\phpunit\phpunit\phpunit, line 53



2018-11-05 19:46:53 Notice: Notice (8): Undefined variable: internship in [C:\Program Files (x86)\Ampps\www\Dev\src\Template\Internships\add.ctp, line 17]
Request URL: /internships/add
Trace:
Cake\Error\BaseErrorHandler::handleError() - CORE\src\Error\BaseErrorHandler.php, line 159
include - APP/Template\Internships\add.ctp, line 17
Cake\View\View::_evaluate() - CORE\src\View\View.php, line 1240
Cake\View\View::_render() - CORE\src\View\View.php, line 1201
Cake\View\View::render() - CORE\src\View\View.php, line 803
Cake\Controller\Controller::render() - CORE\src\Controller\Controller.php, line 777
Cake\Http\ActionDispatcher::_invoke() - CORE\src\Http\ActionDispatcher.php, line 126
Cake\Http\ActionDispatcher::dispatch() - CORE\src\Http\ActionDispatcher.php, line 94
Cake\Http\BaseApplication::__invoke() - CORE\src\Http\BaseApplication.php, line 235
Cake\Http\Runner::__invoke() - CORE\src\Http\Runner.php, line 65
Cake\Http\Middleware\CsrfProtectionMiddleware::__invoke() - CORE\src\Http\Middleware\CsrfProtectionMiddleware.php, line 103
Cake\Http\Runner::__invoke() - CORE\src\Http\Runner.php, line 65
Cake\Routing\Middleware\RoutingMiddleware::__invoke() - CORE\src\Routing\Middleware\RoutingMiddleware.php, line 156
Cake\Http\Runner::__invoke() - CORE\src\Http\Runner.php, line 65
Cake\Routing\Middleware\AssetMiddleware::__invoke() - CORE\src\Routing\Middleware\AssetMiddleware.php, line 88
Cake\Http\Runner::__invoke() - CORE\src\Http\Runner.php, line 65
Cake\Error\Middleware\ErrorHandlerMiddleware::__invoke() - CORE\src\Error\Middleware\ErrorHandlerMiddleware.php, line 98
Cake\Http\Runner::__invoke() - CORE\src\Http\Runner.php, line 65
Cake\Http\Runner::run() - CORE\src\Http\Runner.php, line 51
Cake\Http\Server::run() - CORE\src\Http\Server.php, line 98
Cake\TestSuite\MiddlewareDispatcher::execute() - CORE\src\TestSuite\MiddlewareDispatcher.php, line 149
Cake\TestSuite\IntegrationTestCase::_sendRequest() - CORE\src\TestSuite\IntegrationTestCase.php, line 495
Cake\TestSuite\IntegrationTestCase::get() - CORE\src\TestSuite\IntegrationTestCase.php, line 375
App\Test\TestCase\Controller\InternshipsControllerTest::testAdd() - ROOT\tests\TestCase\Controller\InternshipsControllerTest.php, line 81
ReflectionMethod::invokeArgs() - [internal], line ??
PHPUnit\Framework\TestCase::runTest() - ROOT\vendor\phpunit\phpunit\src\Framework\TestCase.php, line 1071
PHPUnit\Framework\TestCase::runBare() - ROOT\vendor\phpunit\phpunit\src\Framework\TestCase.php, line 939
PHPUnit\Framework\TestResult::run() - ROOT\vendor\phpunit\phpunit\src\Framework\TestResult.php, line 698
PHPUnit\Framework\TestCase::run() - ROOT\vendor\phpunit\phpunit\src\Framework\TestCase.php, line 894
PHPUnit\Framework\TestSuite::run() - ROOT\vendor\phpunit\phpunit\src\Framework\TestSuite.php, line 755
PHPUnit\TextUI\TestRunner::doRun() - ROOT\vendor\phpunit\phpunit\src\TextUI\TestRunner.php, line 545
PHPUnit\TextUI\Command::run() - ROOT\vendor\phpunit\phpunit\src\TextUI\Command.php, line 195
PHPUnit\TextUI\Command::main() - ROOT\vendor\phpunit\phpunit\src\TextUI\Command.php, line 148
[main] - ROOT\vendor\phpunit\phpunit\phpunit, line 53



2018-11-05 19:46:53 Notice: Notice (8): Undefined variable: internship in [C:\Program Files (x86)\Ampps\www\Dev\src\Template\Internships\add.ctp, line 17]
Request URL: /internships/add
Trace:
Cake\Error\BaseErrorHandler::handleError() - CORE\src\Error\BaseErrorHandler.php, line 159
include - APP/Template\Internships\add.ctp, line 17
Cake\View\View::_evaluate() - CORE\src\View\View.php, line 1240
Cake\View\View::_render() - CORE\src\View\View.php, line 1201
Cake\View\View::render() - CORE\src\View\View.php, line 803
Cake\Controller\Controller::render() - CORE\src\Controller\Controller.php, line 777
Cake\Http\ActionDispatcher::_invoke() - CORE\src\Http\ActionDispatcher.php, line 126
Cake\Http\ActionDispatcher::dispatch() - CORE\src\Http\ActionDispatcher.php, line 94
Cake\Http\BaseApplication::__invoke() - CORE\src\Http\BaseApplication.php, line 235
Cake\Http\Runner::__invoke() - CORE\src\Http\Runner.php, line 65
Cake\Http\Middleware\CsrfProtectionMiddleware::__invoke() - CORE\src\Http\Middleware\CsrfProtectionMiddleware.php, line 107
Cake\Http\Runner::__invoke() - CORE\src\Http\Runner.php, line 65
Cake\Routing\Middleware\RoutingMiddleware::__invoke() - CORE\src\Routing\Middleware\RoutingMiddleware.php, line 156
Cake\Http\Runner::__invoke() - CORE\src\Http\Runner.php, line 65
Cake\Routing\Middleware\AssetMiddleware::__invoke() - CORE\src\Routing\Middleware\AssetMiddleware.php, line 88
Cake\Http\Runner::__invoke() - CORE\src\Http\Runner.php, line 65
Cake\Error\Middleware\ErrorHandlerMiddleware::__invoke() - CORE\src\Error\Middleware\ErrorHandlerMiddleware.php, line 98
Cake\Http\Runner::__invoke() - CORE\src\Http\Runner.php, line 65
Cake\Http\Runner::run() - CORE\src\Http\Runner.php, line 51
Cake\Http\Server::run() - CORE\src\Http\Server.php, line 98
Cake\TestSuite\MiddlewareDispatcher::execute() - CORE\src\TestSuite\MiddlewareDispatcher.php, line 149
Cake\TestSuite\IntegrationTestCase::_sendRequest() - CORE\src\TestSuite\IntegrationTestCase.php, line 495
Cake\TestSuite\IntegrationTestCase::post() - CORE\src\TestSuite\IntegrationTestCase.php, line 392
App\Test\TestCase\Controller\InternshipsControllerTest::testAdd() - ROOT\tests\TestCase\Controller\InternshipsControllerTest.php, line 100
ReflectionMethod::invokeArgs() - [internal], line ??
PHPUnit\Framework\TestCase::runTest() - ROOT\vendor\phpunit\phpunit\src\Framework\TestCase.php, line 1071
PHPUnit\Framework\TestCase::runBare() - ROOT\vendor\phpunit\phpunit\src\Framework\TestCase.php, line 939
PHPUnit\Framework\TestResult::run() - ROOT\vendor\phpunit\phpunit\src\Framework\TestResult.php, line 698
PHPUnit\Framework\TestCase::run() - ROOT\vendor\phpunit\phpunit\src\Framework\TestCase.php, line 894
PHPUnit\Framework\TestSuite::run() - ROOT\vendor\phpunit\phpunit\src\Framework\TestSuite.php, line 755
PHPUnit\TextUI\TestRunner::doRun() - ROOT\vendor\phpunit\phpunit\src\TextUI\TestRunner.php, line 545
PHPUnit\TextUI\Command::run() - ROOT\vendor\phpunit\phpunit\src\TextUI\Command.php, line 195
PHPUnit\TextUI\Command::main() - ROOT\vendor\phpunit\phpunit\src\TextUI\Command.php, line 148
[main] - ROOT\vendor\phpunit\phpunit\phpunit, line 53



2018-11-05 19:47:56 Notice: Notice (8): Undefined variable: internship in [C:\Program Files (x86)\Ampps\www\Dev\src\Template\Internships\add.ctp, line 17]
Request URL: /internships/add
Trace:
Cake\Error\BaseErrorHandler::handleError() - CORE\src\Error\BaseErrorHandler.php, line 159
include - APP/Template\Internships\add.ctp, line 17
Cake\View\View::_evaluate() - CORE\src\View\View.php, line 1240
Cake\View\View::_render() - CORE\src\View\View.php, line 1201
Cake\View\View::render() - CORE\src\View\View.php, line 803
Cake\Controller\Controller::render() - CORE\src\Controller\Controller.php, line 777
Cake\Http\ActionDispatcher::_invoke() - CORE\src\Http\ActionDispatcher.php, line 126
Cake\Http\ActionDispatcher::dispatch() - CORE\src\Http\ActionDispatcher.php, line 94
Cake\Http\BaseApplication::__invoke() - CORE\src\Http\BaseApplication.php, line 235
Cake\Http\Runner::__invoke() - CORE\src\Http\Runner.php, line 65
Cake\Http\Middleware\CsrfProtectionMiddleware::__invoke() - CORE\src\Http\Middleware\CsrfProtectionMiddleware.php, line 103
Cake\Http\Runner::__invoke() - CORE\src\Http\Runner.php, line 65
Cake\Routing\Middleware\RoutingMiddleware::__invoke() - CORE\src\Routing\Middleware\RoutingMiddleware.php, line 156
Cake\Http\Runner::__invoke() - CORE\src\Http\Runner.php, line 65
Cake\Routing\Middleware\AssetMiddleware::__invoke() - CORE\src\Routing\Middleware\AssetMiddleware.php, line 88
Cake\Http\Runner::__invoke() - CORE\src\Http\Runner.php, line 65
Cake\Error\Middleware\ErrorHandlerMiddleware::__invoke() - CORE\src\Error\Middleware\ErrorHandlerMiddleware.php, line 98
Cake\Http\Runner::__invoke() - CORE\src\Http\Runner.php, line 65
Cake\Http\Runner::run() - CORE\src\Http\Runner.php, line 51
Cake\Http\Server::run() - CORE\src\Http\Server.php, line 98
Cake\TestSuite\MiddlewareDispatcher::execute() - CORE\src\TestSuite\MiddlewareDispatcher.php, line 149
Cake\TestSuite\IntegrationTestCase::_sendRequest() - CORE\src\TestSuite\IntegrationTestCase.php, line 495
Cake\TestSuite\IntegrationTestCase::get() - CORE\src\TestSuite\IntegrationTestCase.php, line 375
App\Test\TestCase\Controller\InternshipsControllerTest::testAdd() - ROOT\tests\TestCase\Controller\InternshipsControllerTest.php, line 81
ReflectionMethod::invokeArgs() - [internal], line ??
PHPUnit\Framework\TestCase::runTest() - ROOT\vendor\phpunit\phpunit\src\Framework\TestCase.php, line 1071
PHPUnit\Framework\TestCase::runBare() - ROOT\vendor\phpunit\phpunit\src\Framework\TestCase.php, line 939
PHPUnit\Framework\TestResult::run() - ROOT\vendor\phpunit\phpunit\src\Framework\TestResult.php, line 698
PHPUnit\Framework\TestCase::run() - ROOT\vendor\phpunit\phpunit\src\Framework\TestCase.php, line 894
PHPUnit\Framework\TestSuite::run() - ROOT\vendor\phpunit\phpunit\src\Framework\TestSuite.php, line 755
PHPUnit\TextUI\TestRunner::doRun() - ROOT\vendor\phpunit\phpunit\src\TextUI\TestRunner.php, line 545
PHPUnit\TextUI\Command::run() - ROOT\vendor\phpunit\phpunit\src\TextUI\Command.php, line 195
PHPUnit\TextUI\Command::main() - ROOT\vendor\phpunit\phpunit\src\TextUI\Command.php, line 148
[main] - ROOT\vendor\phpunit\phpunit\phpunit, line 53



2018-11-05 19:47:57 Notice: Notice (8): Undefined variable: internship in [C:\Program Files (x86)\Ampps\www\Dev\src\Template\Internships\add.ctp, line 17]
Request URL: /internships/add
Trace:
Cake\Error\BaseErrorHandler::handleError() - CORE\src\Error\BaseErrorHandler.php, line 159
include - APP/Template\Internships\add.ctp, line 17
Cake\View\View::_evaluate() - CORE\src\View\View.php, line 1240
Cake\View\View::_render() - CORE\src\View\View.php, line 1201
Cake\View\View::render() - CORE\src\View\View.php, line 803
Cake\Controller\Controller::render() - CORE\src\Controller\Controller.php, line 777
Cake\Http\ActionDispatcher::_invoke() - CORE\src\Http\ActionDispatcher.php, line 126
Cake\Http\ActionDispatcher::dispatch() - CORE\src\Http\ActionDispatcher.php, line 94
Cake\Http\BaseApplication::__invoke() - CORE\src\Http\BaseApplication.php, line 235
Cake\Http\Runner::__invoke() - CORE\src\Http\Runner.php, line 65
Cake\Http\Middleware\CsrfProtectionMiddleware::__invoke() - CORE\src\Http\Middleware\CsrfProtectionMiddleware.php, line 107
Cake\Http\Runner::__invoke() - CORE\src\Http\Runner.php, line 65
Cake\Routing\Middleware\RoutingMiddleware::__invoke() - CORE\src\Routing\Middleware\RoutingMiddleware.php, line 156
Cake\Http\Runner::__invoke() - CORE\src\Http\Runner.php, line 65
Cake\Routing\Middleware\AssetMiddleware::__invoke() - CORE\src\Routing\Middleware\AssetMiddleware.php, line 88
Cake\Http\Runner::__invoke() - CORE\src\Http\Runner.php, line 65
Cake\Error\Middleware\ErrorHandlerMiddleware::__invoke() - CORE\src\Error\Middleware\ErrorHandlerMiddleware.php, line 98
Cake\Http\Runner::__invoke() - CORE\src\Http\Runner.php, line 65
Cake\Http\Runner::run() - CORE\src\Http\Runner.php, line 51
Cake\Http\Server::run() - CORE\src\Http\Server.php, line 98
Cake\TestSuite\MiddlewareDispatcher::execute() - CORE\src\TestSuite\MiddlewareDispatcher.php, line 149
Cake\TestSuite\IntegrationTestCase::_sendRequest() - CORE\src\TestSuite\IntegrationTestCase.php, line 495
Cake\TestSuite\IntegrationTestCase::post() - CORE\src\TestSuite\IntegrationTestCase.php, line 392
App\Test\TestCase\Controller\InternshipsControllerTest::testAdd() - ROOT\tests\TestCase\Controller\InternshipsControllerTest.php, line 100
ReflectionMethod::invokeArgs() - [internal], line ??
PHPUnit\Framework\TestCase::runTest() - ROOT\vendor\phpunit\phpunit\src\Framework\TestCase.php, line 1071
PHPUnit\Framework\TestCase::runBare() - ROOT\vendor\phpunit\phpunit\src\Framework\TestCase.php, line 939
PHPUnit\Framework\TestResult::run() - ROOT\vendor\phpunit\phpunit\src\Framework\TestResult.php, line 698
PHPUnit\Framework\TestCase::run() - ROOT\vendor\phpunit\phpunit\src\Framework\TestCase.php, line 894
PHPUnit\Framework\TestSuite::run() - ROOT\vendor\phpunit\phpunit\src\Framework\TestSuite.php, line 755
PHPUnit\TextUI\TestRunner::doRun() - ROOT\vendor\phpunit\phpunit\src\TextUI\TestRunner.php, line 545
PHPUnit\TextUI\Command::run() - ROOT\vendor\phpunit\phpunit\src\TextUI\Command.php, line 195
PHPUnit\TextUI\Command::main() - ROOT\vendor\phpunit\phpunit\src\TextUI\Command.php, line 148
[main] - ROOT\vendor\phpunit\phpunit\phpunit, line 53



2018-11-05 19:51:35 Notice: Notice (8): Undefined variable: data in [C:\Program Files (x86)\Ampps\www\Dev\tests\TestCase\Controller\InternshipsControllerTest.php, line 172]
Trace:
Cake\Error\BaseErrorHandler::handleError() - CORE\src\Error\BaseErrorHandler.php, line 159
App\Test\TestCase\Controller\InternshipsControllerTest::testDelete() - ROOT\tests\TestCase\Controller\InternshipsControllerTest.php, line 172
ReflectionMethod::invokeArgs() - [internal], line ??
PHPUnit\Framework\TestCase::runTest() - ROOT\vendor\phpunit\phpunit\src\Framework\TestCase.php, line 1071
PHPUnit\Framework\TestCase::runBare() - ROOT\vendor\phpunit\phpunit\src\Framework\TestCase.php, line 939
PHPUnit\Framework\TestResult::run() - ROOT\vendor\phpunit\phpunit\src\Framework\TestResult.php, line 698
PHPUnit\Framework\TestCase::run() - ROOT\vendor\phpunit\phpunit\src\Framework\TestCase.php, line 894
PHPUnit\Framework\TestSuite::run() - ROOT\vendor\phpunit\phpunit\src\Framework\TestSuite.php, line 755
PHPUnit\TextUI\TestRunner::doRun() - ROOT\vendor\phpunit\phpunit\src\TextUI\TestRunner.php, line 545
PHPUnit\TextUI\Command::run() - ROOT\vendor\phpunit\phpunit\src\TextUI\Command.php, line 195
PHPUnit\TextUI\Command::main() - ROOT\vendor\phpunit\phpunit\src\TextUI\Command.php, line 148
[main] - ROOT\vendor\phpunit\phpunit\phpunit, line 53



2018-11-05 19:51:50 Notice: Notice (8): Undefined variable: data in [C:\Program Files (x86)\Ampps\www\Dev\tests\TestCase\Controller\InternshipsControllerTest.php, line 172]
Trace:
Cake\Error\BaseErrorHandler::handleError() - CORE\src\Error\BaseErrorHandler.php, line 159
App\Test\TestCase\Controller\InternshipsControllerTest::testDelete() - ROOT\tests\TestCase\Controller\InternshipsControllerTest.php, line 172
ReflectionMethod::invokeArgs() - [internal], line ??
PHPUnit\Framework\TestCase::runTest() - ROOT\vendor\phpunit\phpunit\src\Framework\TestCase.php, line 1071
PHPUnit\Framework\TestCase::runBare() - ROOT\vendor\phpunit\phpunit\src\Framework\TestCase.php, line 939
PHPUnit\Framework\TestResult::run() - ROOT\vendor\phpunit\phpunit\src\Framework\TestResult.php, line 698
PHPUnit\Framework\TestCase::run() - ROOT\vendor\phpunit\phpunit\src\Framework\TestCase.php, line 894
PHPUnit\Framework\TestSuite::run() - ROOT\vendor\phpunit\phpunit\src\Framework\TestSuite.php, line 755
PHPUnit\TextUI\TestRunner::doRun() - ROOT\vendor\phpunit\phpunit\src\TextUI\TestRunner.php, line 545
PHPUnit\TextUI\Command::run() - ROOT\vendor\phpunit\phpunit\src\TextUI\Command.php, line 195
PHPUnit\TextUI\Command::main() - ROOT\vendor\phpunit\phpunit\src\TextUI\Command.php, line 148
[main] - ROOT\vendor\phpunit\phpunit\phpunit, line 53



2018-11-05 19:59:31 Notice: Notice (8): Undefined variable: data in [C:\Program Files (x86)\Ampps\www\Dev\tests\TestCase\Controller\InternshipsControllerTest.php, line 172]
Trace:
Cake\Error\BaseErrorHandler::handleError() - CORE\src\Error\BaseErrorHandler.php, line 159
App\Test\TestCase\Controller\InternshipsControllerTest::testDelete() - ROOT\tests\TestCase\Controller\InternshipsControllerTest.php, line 172
ReflectionMethod::invokeArgs() - [internal], line ??
PHPUnit\Framework\TestCase::runTest() - ROOT\vendor\phpunit\phpunit\src\Framework\TestCase.php, line 1071
PHPUnit\Framework\TestCase::runBare() - ROOT\vendor\phpunit\phpunit\src\Framework\TestCase.php, line 939
PHPUnit\Framework\TestResult::run() - ROOT\vendor\phpunit\phpunit\src\Framework\TestResult.php, line 698
PHPUnit\Framework\TestCase::run() - ROOT\vendor\phpunit\phpunit\src\Framework\TestCase.php, line 894
PHPUnit\Framework\TestSuite::run() - ROOT\vendor\phpunit\phpunit\src\Framework\TestSuite.php, line 755
PHPUnit\TextUI\TestRunner::doRun() - ROOT\vendor\phpunit\phpunit\src\TextUI\TestRunner.php, line 545
PHPUnit\TextUI\Command::run() - ROOT\vendor\phpunit\phpunit\src\TextUI\Command.php, line 195
PHPUnit\TextUI\Command::main() - ROOT\vendor\phpunit\phpunit\src\TextUI\Command.php, line 148
[main] - ROOT\vendor\phpunit\phpunit\phpunit, line 53



2018-11-05 20:00:54 Notice: Notice (8): Undefined index: enterprise in [C:\Program Files (x86)\Ampps\www\Dev\src\Controller\EnterprisesController.php, line 180]
Request URL: /enterprises
Trace:
Cake\Error\BaseErrorHandler::handleError() - CORE\src\Error\BaseErrorHandler.php, line 159
App\Controller\EnterprisesController::isAuthorized() - APP/Controller\EnterprisesController.php, line 180
Cake\Auth\ControllerAuthorize::authorize() - CORE\src\Auth\ControllerAuthorize.php, line 93
Cake\Controller\Component\AuthComponent::isAuthorized() - CORE\src\Controller\Component\AuthComponent.php, line 540
Cake\Controller\Component\AuthComponent::authCheck() - CORE\src\Controller\Component\AuthComponent.php, line 326
Cake\Controller\Component\AuthComponent::startup() - CORE\src\Controller\Component\AuthComponent.php, line 276
Cake\Event\EventManager::_callListener() - CORE\src\Event\EventManager.php, line 353
Cake\Event\EventManager::dispatch() - CORE\src\Event\EventManager.php, line 330
Cake\Controller\Controller::dispatchEvent() - CORE\src\Event\EventDispatcherTrait.php, line 114
Cake\Controller\Controller::startupProcess() - CORE\src\Controller\Controller.php, line 662
Cake\Http\ActionDispatcher::_invoke() - CORE\src\Http\ActionDispatcher.php, line 115
Cake\Http\ActionDispatcher::dispatch() - CORE\src\Http\ActionDispatcher.php, line 94
Cake\Http\BaseApplication::__invoke() - CORE\src\Http\BaseApplication.php, line 235
Cake\Http\Runner::__invoke() - CORE\src\Http\Runner.php, line 65
Cake\Http\Middleware\CsrfProtectionMiddleware::__invoke() - CORE\src\Http\Middleware\CsrfProtectionMiddleware.php, line 103
Cake\Http\Runner::__invoke() - CORE\src\Http\Runner.php, line 65
Cake\Routing\Middleware\RoutingMiddleware::__invoke() - CORE\src\Routing\Middleware\RoutingMiddleware.php, line 156
Cake\Http\Runner::__invoke() - CORE\src\Http\Runner.php, line 65
Cake\Routing\Middleware\AssetMiddleware::__invoke() - CORE\src\Routing\Middleware\AssetMiddleware.php, line 88
Cake\Http\Runner::__invoke() - CORE\src\Http\Runner.php, line 65
Cake\Error\Middleware\ErrorHandlerMiddleware::__invoke() - CORE\src\Error\Middleware\ErrorHandlerMiddleware.php, line 98
Cake\Http\Runner::__invoke() - CORE\src\Http\Runner.php, line 65
Cake\Http\Runner::run() - CORE\src\Http\Runner.php, line 51
Cake\Http\Server::run() - CORE\src\Http\Server.php, line 98
Cake\TestSuite\MiddlewareDispatcher::execute() - CORE\src\TestSuite\MiddlewareDispatcher.php, line 149
Cake\TestSuite\IntegrationTestCase::_sendRequest() - CORE\src\TestSuite\IntegrationTestCase.php, line 495
Cake\TestSuite\IntegrationTestCase::get() - CORE\src\TestSuite\IntegrationTestCase.php, line 375
App\Test\TestCase\Controller\EnterprisesControllerTest::testIndex() - ROOT\tests\TestCase\Controller\EnterprisesControllerTest.php, line 42
ReflectionMethod::invokeArgs() - [internal], line ??
PHPUnit\Framework\TestCase::runTest() - ROOT\vendor\phpunit\phpunit\src\Framework\TestCase.php, line 1071
PHPUnit\Framework\TestCase::runBare() - ROOT\vendor\phpunit\phpunit\src\Framework\TestCase.php, line 939
PHPUnit\Framework\TestResult::run() - ROOT\vendor\phpunit\phpunit\src\Framework\TestResult.php, line 698
PHPUnit\Framework\TestCase::run() - ROOT\vendor\phpunit\phpunit\src\Framework\TestCase.php, line 894
PHPUnit\Framework\TestSuite::run() - ROOT\vendor\phpunit\phpunit\src\Framework\TestSuite.php, line 755
PHPUnit\TextUI\TestRunner::doRun() - ROOT\vendor\phpunit\phpunit\src\TextUI\TestRunner.php, line 545
PHPUnit\TextUI\Command::run() - ROOT\vendor\phpunit\phpunit\src\TextUI\Command.php, line 195
PHPUnit\TextUI\Command::main() - ROOT\vendor\phpunit\phpunit\src\TextUI\Command.php, line 148
[main] - ROOT\vendor\phpunit\phpunit\phpunit, line 53



2018-11-05 20:21:44 Notice: Notice (8): Undefined variable: data in [C:\Program Files (x86)\Ampps\www\Dev\tests\TestCase\Controller\UsersControllerTest.php, line 143]
Trace:
Cake\Error\BaseErrorHandler::handleError() - CORE\src\Error\BaseErrorHandler.php, line 159
App\Test\TestCase\Controller\UsersControllerTest::testDelete() - ROOT\tests\TestCase\Controller\UsersControllerTest.php, line 143
ReflectionMethod::invokeArgs() - [internal], line ??
PHPUnit\Framework\TestCase::runTest() - ROOT\vendor\phpunit\phpunit\src\Framework\TestCase.php, line 1071
PHPUnit\Framework\TestCase::runBare() - ROOT\vendor\phpunit\phpunit\src\Framework\TestCase.php, line 939
PHPUnit\Framework\TestResult::run() - ROOT\vendor\phpunit\phpunit\src\Framework\TestResult.php, line 698
PHPUnit\Framework\TestCase::run() - ROOT\vendor\phpunit\phpunit\src\Framework\TestCase.php, line 894
PHPUnit\Framework\TestSuite::run() - ROOT\vendor\phpunit\phpunit\src\Framework\TestSuite.php, line 755
PHPUnit\TextUI\TestRunner::doRun() - ROOT\vendor\phpunit\phpunit\src\TextUI\TestRunner.php, line 545
PHPUnit\TextUI\Command::run() - ROOT\vendor\phpunit\phpunit\src\TextUI\Command.php, line 195
PHPUnit\TextUI\Command::main() - ROOT\vendor\phpunit\phpunit\src\TextUI\Command.php, line 148
[main] - ROOT\vendor\phpunit\phpunit\phpunit, line 53



2018-11-05 20:24:17 Notice: Notice (8): Undefined variable: internship in [C:\Program Files (x86)\Ampps\www\Dev\src\Template\Internships\add.ctp, line 17]
Request URL: /internships/add
Trace:
Cake\Error\BaseErrorHandler::handleError() - CORE\src\Error\BaseErrorHandler.php, line 159
include - APP/Template\Internships\add.ctp, line 17
Cake\View\View::_evaluate() - CORE\src\View\View.php, line 1240
Cake\View\View::_render() - CORE\src\View\View.php, line 1201
Cake\View\View::render() - CORE\src\View\View.php, line 803
Cake\Controller\Controller::render() - CORE\src\Controller\Controller.php, line 777
Cake\Http\ActionDispatcher::_invoke() - CORE\src\Http\ActionDispatcher.php, line 126
Cake\Http\ActionDispatcher::dispatch() - CORE\src\Http\ActionDispatcher.php, line 94
Cake\Http\BaseApplication::__invoke() - CORE\src\Http\BaseApplication.php, line 235
Cake\Http\Runner::__invoke() - CORE\src\Http\Runner.php, line 65
Cake\Http\Middleware\CsrfProtectionMiddleware::__invoke() - CORE\src\Http\Middleware\CsrfProtectionMiddleware.php, line 103
Cake\Http\Runner::__invoke() - CORE\src\Http\Runner.php, line 65
Cake\Routing\Middleware\RoutingMiddleware::__invoke() - CORE\src\Routing\Middleware\RoutingMiddleware.php, line 156
Cake\Http\Runner::__invoke() - CORE\src\Http\Runner.php, line 65
Cake\Routing\Middleware\AssetMiddleware::__invoke() - CORE\src\Routing\Middleware\AssetMiddleware.php, line 88
Cake\Http\Runner::__invoke() - CORE\src\Http\Runner.php, line 65
Cake\Error\Middleware\ErrorHandlerMiddleware::__invoke() - CORE\src\Error\Middleware\ErrorHandlerMiddleware.php, line 98
Cake\Http\Runner::__invoke() - CORE\src\Http\Runner.php, line 65
Cake\Http\Runner::run() - CORE\src\Http\Runner.php, line 51
Cake\Http\Server::run() - CORE\src\Http\Server.php, line 98
Cake\TestSuite\MiddlewareDispatcher::execute() - CORE\src\TestSuite\MiddlewareDispatcher.php, line 149
Cake\TestSuite\IntegrationTestCase::_sendRequest() - CORE\src\TestSuite\IntegrationTestCase.php, line 495
Cake\TestSuite\IntegrationTestCase::get() - CORE\src\TestSuite\IntegrationTestCase.php, line 375
App\Test\TestCase\Controller\InternshipsControllerTest::testAdd() - ROOT\tests\TestCase\Controller\InternshipsControllerTest.php, line 81
ReflectionMethod::invokeArgs() - [internal], line ??
PHPUnit\Framework\TestCase::runTest() - ROOT\vendor\phpunit\phpunit\src\Framework\TestCase.php, line 1071
PHPUnit\Framework\TestCase::runBare() - ROOT\vendor\phpunit\phpunit\src\Framework\TestCase.php, line 939
PHPUnit\Framework\TestResult::run() - ROOT\vendor\phpunit\phpunit\src\Framework\TestResult.php, line 698
PHPUnit\Framework\TestCase::run() - ROOT\vendor\phpunit\phpunit\src\Framework\TestCase.php, line 894
PHPUnit\Framework\TestSuite::run() - ROOT\vendor\phpunit\phpunit\src\Framework\TestSuite.php, line 755
PHPUnit\TextUI\TestRunner::doRun() - ROOT\vendor\phpunit\phpunit\src\TextUI\TestRunner.php, line 545
PHPUnit\TextUI\Command::run() - ROOT\vendor\phpunit\phpunit\src\TextUI\Command.php, line 195
PHPUnit\TextUI\Command::main() - ROOT\vendor\phpunit\phpunit\src\TextUI\Command.php, line 148
[main] - ROOT\vendor\phpunit\phpunit\phpunit, line 53



2018-11-05 20:24:17 Notice: Notice (8): Undefined variable: internship in [C:\Program Files (x86)\Ampps\www\Dev\src\Template\Internships\add.ctp, line 17]
Request URL: /internships/add
Trace:
Cake\Error\BaseErrorHandler::handleError() - CORE\src\Error\BaseErrorHandler.php, line 159
include - APP/Template\Internships\add.ctp, line 17
Cake\View\View::_evaluate() - CORE\src\View\View.php, line 1240
Cake\View\View::_render() - CORE\src\View\View.php, line 1201
Cake\View\View::render() - CORE\src\View\View.php, line 803
Cake\Controller\Controller::render() - CORE\src\Controller\Controller.php, line 777
Cake\Http\ActionDispatcher::_invoke() - CORE\src\Http\ActionDispatcher.php, line 126
Cake\Http\ActionDispatcher::dispatch() - CORE\src\Http\ActionDispatcher.php, line 94
Cake\Http\BaseApplication::__invoke() - CORE\src\Http\BaseApplication.php, line 235
Cake\Http\Runner::__invoke() - CORE\src\Http\Runner.php, line 65
Cake\Http\Middleware\CsrfProtectionMiddleware::__invoke() - CORE\src\Http\Middleware\CsrfProtectionMiddleware.php, line 107
Cake\Http\Runner::__invoke() - CORE\src\Http\Runner.php, line 65
Cake\Routing\Middleware\RoutingMiddleware::__invoke() - CORE\src\Routing\Middleware\RoutingMiddleware.php, line 156
Cake\Http\Runner::__invoke() - CORE\src\Http\Runner.php, line 65
Cake\Routing\Middleware\AssetMiddleware::__invoke() - CORE\src\Routing\Middleware\AssetMiddleware.php, line 88
Cake\Http\Runner::__invoke() - CORE\src\Http\Runner.php, line 65
Cake\Error\Middleware\ErrorHandlerMiddleware::__invoke() - CORE\src\Error\Middleware\ErrorHandlerMiddleware.php, line 98
Cake\Http\Runner::__invoke() - CORE\src\Http\Runner.php, line 65
Cake\Http\Runner::run() - CORE\src\Http\Runner.php, line 51
Cake\Http\Server::run() - CORE\src\Http\Server.php, line 98
Cake\TestSuite\MiddlewareDispatcher::execute() - CORE\src\TestSuite\MiddlewareDispatcher.php, line 149
Cake\TestSuite\IntegrationTestCase::_sendRequest() - CORE\src\TestSuite\IntegrationTestCase.php, line 495
Cake\TestSuite\IntegrationTestCase::post() - CORE\src\TestSuite\IntegrationTestCase.php, line 392
App\Test\TestCase\Controller\InternshipsControllerTest::testAdd() - ROOT\tests\TestCase\Controller\InternshipsControllerTest.php, line 100
ReflectionMethod::invokeArgs() - [internal], line ??
PHPUnit\Framework\TestCase::runTest() - ROOT\vendor\phpunit\phpunit\src\Framework\TestCase.php, line 1071
PHPUnit\Framework\TestCase::runBare() - ROOT\vendor\phpunit\phpunit\src\Framework\TestCase.php, line 939
PHPUnit\Framework\TestResult::run() - ROOT\vendor\phpunit\phpunit\src\Framework\TestResult.php, line 698
PHPUnit\Framework\TestCase::run() - ROOT\vendor\phpunit\phpunit\src\Framework\TestCase.php, line 894
PHPUnit\Framework\TestSuite::run() - ROOT\vendor\phpunit\phpunit\src\Framework\TestSuite.php, line 755
PHPUnit\TextUI\TestRunner::doRun() - ROOT\vendor\phpunit\phpunit\src\TextUI\TestRunner.php, line 545
PHPUnit\TextUI\Command::run() - ROOT\vendor\phpunit\phpunit\src\TextUI\Command.php, line 195
PHPUnit\TextUI\Command::main() - ROOT\vendor\phpunit\phpunit\src\TextUI\Command.php, line 148
[main] - ROOT\vendor\phpunit\phpunit\phpunit, line 53



2018-11-05 20:24:59 Notice: Notice (8): Undefined index: enterprise in [C:\Program Files (x86)\Ampps\www\Dev\src\Controller\EnterprisesController.php, line 180]
Request URL: /enterprises
Trace:
Cake\Error\BaseErrorHandler::handleError() - CORE\src\Error\BaseErrorHandler.php, line 159
App\Controller\EnterprisesController::isAuthorized() - APP/Controller\EnterprisesController.php, line 180
Cake\Auth\ControllerAuthorize::authorize() - CORE\src\Auth\ControllerAuthorize.php, line 93
Cake\Controller\Component\AuthComponent::isAuthorized() - CORE\src\Controller\Component\AuthComponent.php, line 540
Cake\Controller\Component\AuthComponent::authCheck() - CORE\src\Controller\Component\AuthComponent.php, line 326
Cake\Controller\Component\AuthComponent::startup() - CORE\src\Controller\Component\AuthComponent.php, line 276
Cake\Event\EventManager::_callListener() - CORE\src\Event\EventManager.php, line 353
Cake\Event\EventManager::dispatch() - CORE\src\Event\EventManager.php, line 330
Cake\Controller\Controller::dispatchEvent() - CORE\src\Event\EventDispatcherTrait.php, line 114
Cake\Controller\Controller::startupProcess() - CORE\src\Controller\Controller.php, line 662
Cake\Http\ActionDispatcher::_invoke() - CORE\src\Http\ActionDispatcher.php, line 115
Cake\Http\ActionDispatcher::dispatch() - CORE\src\Http\ActionDispatcher.php, line 94
Cake\Http\BaseApplication::__invoke() - CORE\src\Http\BaseApplication.php, line 235
Cake\Http\Runner::__invoke() - CORE\src\Http\Runner.php, line 65
Cake\Http\Middleware\CsrfProtectionMiddleware::__invoke() - CORE\src\Http\Middleware\CsrfProtectionMiddleware.php, line 103
Cake\Http\Runner::__invoke() - CORE\src\Http\Runner.php, line 65
Cake\Routing\Middleware\RoutingMiddleware::__invoke() - CORE\src\Routing\Middleware\RoutingMiddleware.php, line 156
Cake\Http\Runner::__invoke() - CORE\src\Http\Runner.php, line 65
Cake\Routing\Middleware\AssetMiddleware::__invoke() - CORE\src\Routing\Middleware\AssetMiddleware.php, line 88
Cake\Http\Runner::__invoke() - CORE\src\Http\Runner.php, line 65
Cake\Error\Middleware\ErrorHandlerMiddleware::__invoke() - CORE\src\Error\Middleware\ErrorHandlerMiddleware.php, line 98
Cake\Http\Runner::__invoke() - CORE\src\Http\Runner.php, line 65
Cake\Http\Runner::run() - CORE\src\Http\Runner.php, line 51
Cake\Http\Server::run() - CORE\src\Http\Server.php, line 98
Cake\TestSuite\MiddlewareDispatcher::execute() - CORE\src\TestSuite\MiddlewareDispatcher.php, line 149
Cake\TestSuite\IntegrationTestCase::_sendRequest() - CORE\src\TestSuite\IntegrationTestCase.php, line 495
Cake\TestSuite\IntegrationTestCase::get() - CORE\src\TestSuite\IntegrationTestCase.php, line 375
App\Test\TestCase\Controller\EnterprisesControllerTest::testIndex() - ROOT\tests\TestCase\Controller\EnterprisesControllerTest.php, line 42
ReflectionMethod::invokeArgs() - [internal], line ??
PHPUnit\Framework\TestCase::runTest() - ROOT\vendor\phpunit\phpunit\src\Framework\TestCase.php, line 1071
PHPUnit\Framework\TestCase::runBare() - ROOT\vendor\phpunit\phpunit\src\Framework\TestCase.php, line 939
PHPUnit\Framework\TestResult::run() - ROOT\vendor\phpunit\phpunit\src\Framework\TestResult.php, line 698
PHPUnit\Framework\TestCase::run() - ROOT\vendor\phpunit\phpunit\src\Framework\TestCase.php, line 894
PHPUnit\Framework\TestSuite::run() - ROOT\vendor\phpunit\phpunit\src\Framework\TestSuite.php, line 755
PHPUnit\TextUI\TestRunner::doRun() - ROOT\vendor\phpunit\phpunit\src\TextUI\TestRunner.php, line 545
PHPUnit\TextUI\Command::run() - ROOT\vendor\phpunit\phpunit\src\TextUI\Command.php, line 195
PHPUnit\TextUI\Command::main() - ROOT\vendor\phpunit\phpunit\src\TextUI\Command.php, line 148
[main] - ROOT\vendor\phpunit\phpunit\phpunit, line 53



