2018-09-10 20:05:42 Error: [Cake\Database\Exception] SQLSTATE[42S02]: Base table or view not found: 1146 Table 'gestionstage.interships' doesn't exist in C:\Program Files (x86)\Ampps\www\Dev\vendor\cakephp\cakephp\src\Database\Schema\Collection.php on line 131
Stack Trace:
#0 C:\Program Files (x86)\Ampps\www\Dev\vendor\cakephp\cakephp\src\Database\Schema\Collection.php(97): Cake\Database\Schema\Collection->_reflect('Column', 'interships', Array, Object(Cake\Database\Schema\TableSchema))
#1 C:\Program Files (x86)\Ampps\www\Dev\vendor\cakephp\cakephp\src\Database\Schema\CachedCollection.php(63): Cake\Database\Schema\Collection->describe('interships', Array)
#2 C:\Program Files (x86)\Ampps\www\Dev\vendor\cakephp\cakephp\src\ORM\Table.php(548): Cake\Database\Schema\CachedCollection->describe('interships')
#3 C:\Program Files (x86)\Ampps\www\Dev\vendor\cakephp\cakephp\src\ORM\Table.php(673): Cake\ORM\Table->getSchema()
#4 C:\Program Files (x86)\Ampps\www\Dev\vendor\cakephp\bake\src\Shell\Task\ModelTask.php(220): Cake\ORM\Table->getPrimaryKey()
#5 C:\Program Files (x86)\Ampps\www\Dev\vendor\cakephp\bake\src\Shell\Task\ModelTask.php(130): Bake\Shell\Task\ModelTask->getAssociations(Object(Cake\ORM\Table))
#6 C:\Program Files (x86)\Ampps\www\Dev\vendor\cakephp\bake\src\Shell\Task\ModelTask.php(113): Bake\Shell\Task\ModelTask->getTableContext(Object(Cake\ORM\Table), 'interships', 'Interships')
#7 C:\Program Files (x86)\Ampps\www\Dev\vendor\cakephp\bake\src\Shell\Task\ModelTask.php(100): Bake\Shell\Task\ModelTask->bake('Interships')
#8 C:\Program Files (x86)\Ampps\www\Dev\vendor\cakephp\bake\src\Shell\BakeShell.php(273): Bake\Shell\Task\ModelTask->main('Interships')
#9 C:\Program Files (x86)\Ampps\www\Dev\vendor\cakephp\cakephp\src\Collection\CollectionTrait.php(51): Bake\Shell\BakeShell->Bake\Shell\{closure}('interships', 0)
#10 C:\Program Files (x86)\Ampps\www\Dev\vendor\cakephp\bake\src\Shell\BakeShell.php(274): Cake\Collection\Collection->each(Object(Closure))
#11 C:\Program Files (x86)\Ampps\www\Dev\vendor\cakephp\cakephp\src\Console\Shell.php(518): Bake\Shell\BakeShell->all('interships')
#12 C:\Program Files (x86)\Ampps\www\Dev\vendor\cakephp\cakephp\src\Console\CommandRunner.php(342): Cake\Console\Shell->runCommand(Array, true)
#13 C:\Program Files (x86)\Ampps\www\Dev\vendor\cakephp\cakephp\src\Console\CommandRunner.php(164): Cake\Console\CommandRunner->runShell(Object(Bake\Shell\BakeShell), Array)
#14 C:\Program Files (x86)\Ampps\www\Dev\bin\cake.php(12): Cake\Console\CommandRunner->run(Array)
#15 {main}


2018-10-15 18:03:24 Error: [Cake\Core\Exception\Exception] Unable to insert fixtures for "App\Test\TestCase\Controller\EnterprisesControllerTest" test case. SQLSTATE[HY000] [2002] No connection could be made because the target machine actively refused it.
 in E:\Ampps\www\GestionDesStages\vendor\cakephp\cakephp\src\TestSuite\Fixture\FixtureManager.php on line 356
Stack Trace:
#0 E:\Ampps\www\GestionDesStages\vendor\cakephp\cakephp\src\TestSuite\Fixture\FixtureInjector.php(98): Cake\TestSuite\Fixture\FixtureManager->load(Object(App\Test\TestCase\Controller\EnterprisesControllerTest))
#1 E:\Ampps\www\GestionDesStages\vendor\phpunit\phpunit\src\Framework\TestResult.php(395): Cake\TestSuite\Fixture\FixtureInjector->startTest(Object(App\Test\TestCase\Controller\EnterprisesControllerTest))
#2 E:\Ampps\www\GestionDesStages\vendor\phpunit\phpunit\src\Framework\TestResult.php(637): PHPUnit\Framework\TestResult->startTest(Object(App\Test\TestCase\Controller\EnterprisesControllerTest))
#3 E:\Ampps\www\GestionDesStages\vendor\phpunit\phpunit\src\Framework\TestCase.php(894): PHPUnit\Framework\TestResult->run(Object(App\Test\TestCase\Controller\EnterprisesControllerTest))
#4 E:\Ampps\www\GestionDesStages\vendor\phpunit\phpunit\src\Framework\TestSuite.php(755): PHPUnit\Framework\TestCase->run(Object(PHPUnit\Framework\TestResult))
#5 E:\Ampps\www\GestionDesStages\vendor\phpunit\phpunit\src\Framework\TestSuite.php(755): PHPUnit\Framework\TestSuite->run(Object(PHPUnit\Framework\TestResult))
#6 E:\Ampps\www\GestionDesStages\vendor\phpunit\phpunit\src\TextUI\TestRunner.php(545): PHPUnit\Framework\TestSuite->run(Object(PHPUnit\Framework\TestResult))
#7 E:\Ampps\www\GestionDesStages\vendor\phpunit\phpunit\src\TextUI\Command.php(195): PHPUnit\TextUI\TestRunner->doRun(Object(PHPUnit\Framework\TestSuite), Array, true)
#8 E:\Ampps\www\GestionDesStages\vendor\phpunit\phpunit\src\TextUI\Command.php(148): PHPUnit\TextUI\Command->run(Array, true)
#9 E:\Ampps\www\GestionDesStages\vendor\phpunit\phpunit\phpunit(53): PHPUnit\TextUI\Command::main()
#10 {main}


2018-10-15 18:06:28 Error: [Cake\Core\Exception\Exception] Unable to insert fixtures for "App\Test\TestCase\Controller\EnterprisesControllerTest" test case. SQLSTATE[HY000] [1045] Access denied for user 'my_app'@'localhost' (using password: YES) in E:\Ampps\www\GestionDesStages\vendor\cakephp\cakephp\src\TestSuite\Fixture\FixtureManager.php on line 356
Stack Trace:
#0 E:\Ampps\www\GestionDesStages\vendor\cakephp\cakephp\src\TestSuite\Fixture\FixtureInjector.php(98): Cake\TestSuite\Fixture\FixtureManager->load(Object(App\Test\TestCase\Controller\EnterprisesControllerTest))
#1 E:\Ampps\www\GestionDesStages\vendor\phpunit\phpunit\src\Framework\TestResult.php(395): Cake\TestSuite\Fixture\FixtureInjector->startTest(Object(App\Test\TestCase\Controller\EnterprisesControllerTest))
#2 E:\Ampps\www\GestionDesStages\vendor\phpunit\phpunit\src\Framework\TestResult.php(637): PHPUnit\Framework\TestResult->startTest(Object(App\Test\TestCase\Controller\EnterprisesControllerTest))
#3 E:\Ampps\www\GestionDesStages\vendor\phpunit\phpunit\src\Framework\TestCase.php(894): PHPUnit\Framework\TestResult->run(Object(App\Test\TestCase\Controller\EnterprisesControllerTest))
#4 E:\Ampps\www\GestionDesStages\vendor\phpunit\phpunit\src\Framework\TestSuite.php(755): PHPUnit\Framework\TestCase->run(Object(PHPUnit\Framework\TestResult))
#5 E:\Ampps\www\GestionDesStages\vendor\phpunit\phpunit\src\Framework\TestSuite.php(755): PHPUnit\Framework\TestSuite->run(Object(PHPUnit\Framework\TestResult))
#6 E:\Ampps\www\GestionDesStages\vendor\phpunit\phpunit\src\TextUI\TestRunner.php(545): PHPUnit\Framework\TestSuite->run(Object(PHPUnit\Framework\TestResult))
#7 E:\Ampps\www\GestionDesStages\vendor\phpunit\phpunit\src\TextUI\Command.php(195): PHPUnit\TextUI\TestRunner->doRun(Object(PHPUnit\Framework\TestSuite), Array, true)
#8 E:\Ampps\www\GestionDesStages\vendor\phpunit\phpunit\src\TextUI\Command.php(148): PHPUnit\TextUI\Command->run(Array, true)
#9 E:\Ampps\www\GestionDesStages\vendor\phpunit\phpunit\phpunit(53): PHPUnit\TextUI\Command::main()
#10 {main}


