2018-11-21 19:04:44 Error: view
2018-11-21 19:04:45 Error: [Cake\Datasource\Exception\RecordNotFoundException] Record not found in table "users"
Request URL: /users/view/53
Referer URL: http://localhost/GestionDesStages/
Stack Trace:
#0 E:\Ampps\www\GestionDesStages\vendor\cakephp\cakephp\src\ORM\Table.php(1613): Cake\ORM\Query->firstOrFail()
#1 E:\Ampps\www\GestionDesStages\src\Controller\UsersController.php(47): Cake\ORM\Table->get(Array, Array)
#2 E:\Ampps\www\GestionDesStages\vendor\cakephp\cakephp\src\Controller\Controller.php(596): App\Controller\UsersController->view('53')
#3 E:\Ampps\www\GestionDesStages\vendor\cakephp\cakephp\src\Http\ActionDispatcher.php(120): Cake\Controller\Controller->invokeAction()
#4 E:\Ampps\www\GestionDesStages\vendor\cakephp\cakephp\src\Http\ActionDispatcher.php(94): Cake\Http\ActionDispatcher->_invoke(Object(App\Controller\UsersController))
#5 E:\Ampps\www\GestionDesStages\vendor\cakephp\cakephp\src\Http\BaseApplication.php(235): Cake\Http\ActionDispatcher->dispatch(Object(Cake\Http\ServerRequest), Object(Cake\Http\Response))
#6 E:\Ampps\www\GestionDesStages\vendor\cakephp\cakephp\src\Http\Runner.php(65): Cake\Http\BaseApplication->__invoke(Object(Cake\Http\ServerRequest), Object(Cake\Http\Response), Object(Cake\Http\Runner))
#7 E:\Ampps\www\GestionDesStages\vendor\cakephp\cakephp\src\Http\Middleware\CsrfProtectionMiddleware.php(107): Cake\Http\Runner->__invoke(Object(Cake\Http\ServerRequest), Object(Cake\Http\Response))
#8 E:\Ampps\www\GestionDesStages\vendor\cakephp\cakephp\src\Http\Runner.php(65): Cake\Http\Middleware\CsrfProtectionMiddleware->__invoke(Object(Cake\Http\ServerRequest), Object(Cake\Http\Response), Object(Cake\Http\Runner))
#9 E:\Ampps\www\GestionDesStages\vendor\cakephp\cakephp\src\Routing\Middleware\RoutingMiddleware.php(156): Cake\Http\Runner->__invoke(Object(Cake\Http\ServerRequest), Object(Cake\Http\Response))
#10 E:\Ampps\www\GestionDesStages\vendor\cakephp\cakephp\src\Http\Runner.php(65): Cake\Routing\Middleware\RoutingMiddleware->__invoke(Object(Cake\Http\ServerRequest), Object(Cake\Http\Response), Object(Cake\Http\Runner))
#11 E:\Ampps\www\GestionDesStages\vendor\cakephp\cakephp\src\Routing\Middleware\AssetMiddleware.php(88): Cake\Http\Runner->__invoke(Object(Cake\Http\ServerRequest), Object(Cake\Http\Response))
#12 E:\Ampps\www\GestionDesStages\vendor\cakephp\cakephp\src\Http\Runner.php(65): Cake\Routing\Middleware\AssetMiddleware->__invoke(Object(Cake\Http\ServerRequest), Object(Cake\Http\Response), Object(Cake\Http\Runner))
#13 E:\Ampps\www\GestionDesStages\vendor\cakephp\cakephp\src\Error\Middleware\ErrorHandlerMiddleware.php(98): Cake\Http\Runner->__invoke(Object(Cake\Http\ServerRequest), Object(Cake\Http\Response))
#14 E:\Ampps\www\GestionDesStages\vendor\cakephp\cakephp\src\Http\Runner.php(65): Cake\Error\Middleware\ErrorHandlerMiddleware->__invoke(Object(Cake\Http\ServerRequest), Object(Cake\Http\Response), Object(Cake\Http\Runner))
#15 E:\Ampps\www\GestionDesStages\vendor\cakephp\debug_kit\src\Middleware\DebugKitMiddleware.php(53): Cake\Http\Runner->__invoke(Object(Cake\Http\ServerRequest), Object(Cake\Http\Response))
#16 E:\Ampps\www\GestionDesStages\vendor\cakephp\cakephp\src\Http\Runner.php(65): DebugKit\Middleware\DebugKitMiddleware->__invoke(Object(Cake\Http\ServerRequest), Object(Cake\Http\Response), Object(Cake\Http\Runner))
#17 E:\Ampps\www\GestionDesStages\vendor\cakephp\cakephp\src\Http\Runner.php(51): Cake\Http\Runner->__invoke(Object(Cake\Http\ServerRequest), Object(Cake\Http\Response))
#18 E:\Ampps\www\GestionDesStages\vendor\cakephp\cakephp\src\Http\Server.php(98): Cake\Http\Runner->run(Object(Cake\Http\MiddlewareQueue), Object(Cake\Http\ServerRequest), Object(Cake\Http\Response))
#19 E:\Ampps\www\GestionDesStages\webroot\index.php(40): Cake\Http\Server->run()
#20 {main}


2018-11-21 19:05:24 Error: Array
(
)

2018-11-21 19:05:24 Error: {
    "user_id": "54",
    "admission_number": "111111111",
    "first_name": "MAthieu",
    "last_name": "Allard",
    "phone_number": "431.231.2321",
    "informations": "Allo",
    "active": 1,
    "id": 24,
    "full_name": "MAthieu Allard"
}
2018-11-21 19:05:25 Error: [Error] Class 'App\Controller\Router' not found
Request URL: /students/add/54
Referer URL: http://localhost/GestionDesStages/students/add/54
Stack Trace:
#0 E:\Ampps\www\GestionDesStages\vendor\cakephp\cakephp\src\Controller\Controller.php(596): App\Controller\StudentsController->add('54')
#1 E:\Ampps\www\GestionDesStages\vendor\cakephp\cakephp\src\Http\ActionDispatcher.php(120): Cake\Controller\Controller->invokeAction()
#2 E:\Ampps\www\GestionDesStages\vendor\cakephp\cakephp\src\Http\ActionDispatcher.php(94): Cake\Http\ActionDispatcher->_invoke(Object(App\Controller\StudentsController))
#3 E:\Ampps\www\GestionDesStages\vendor\cakephp\cakephp\src\Http\BaseApplication.php(235): Cake\Http\ActionDispatcher->dispatch(Object(Cake\Http\ServerRequest), Object(Cake\Http\Response))
#4 E:\Ampps\www\GestionDesStages\vendor\cakephp\cakephp\src\Http\Runner.php(65): Cake\Http\BaseApplication->__invoke(Object(Cake\Http\ServerRequest), Object(Cake\Http\Response), Object(Cake\Http\Runner))
#5 E:\Ampps\www\GestionDesStages\vendor\cakephp\cakephp\src\Http\Middleware\CsrfProtectionMiddleware.php(107): Cake\Http\Runner->__invoke(Object(Cake\Http\ServerRequest), Object(Cake\Http\Response))
#6 E:\Ampps\www\GestionDesStages\vendor\cakephp\cakephp\src\Http\Runner.php(65): Cake\Http\Middleware\CsrfProtectionMiddleware->__invoke(Object(Cake\Http\ServerRequest), Object(Cake\Http\Response), Object(Cake\Http\Runner))
#7 E:\Ampps\www\GestionDesStages\vendor\cakephp\cakephp\src\Routing\Middleware\RoutingMiddleware.php(156): Cake\Http\Runner->__invoke(Object(Cake\Http\ServerRequest), Object(Cake\Http\Response))
#8 E:\Ampps\www\GestionDesStages\vendor\cakephp\cakephp\src\Http\Runner.php(65): Cake\Routing\Middleware\RoutingMiddleware->__invoke(Object(Cake\Http\ServerRequest), Object(Cake\Http\Response), Object(Cake\Http\Runner))
#9 E:\Ampps\www\GestionDesStages\vendor\cakephp\cakephp\src\Routing\Middleware\AssetMiddleware.php(88): Cake\Http\Runner->__invoke(Object(Cake\Http\ServerRequest), Object(Cake\Http\Response))
#10 E:\Ampps\www\GestionDesStages\vendor\cakephp\cakephp\src\Http\Runner.php(65): Cake\Routing\Middleware\AssetMiddleware->__invoke(Object(Cake\Http\ServerRequest), Object(Cake\Http\Response), Object(Cake\Http\Runner))
#11 E:\Ampps\www\GestionDesStages\vendor\cakephp\cakephp\src\Error\Middleware\ErrorHandlerMiddleware.php(98): Cake\Http\Runner->__invoke(Object(Cake\Http\ServerRequest), Object(Cake\Http\Response))
#12 E:\Ampps\www\GestionDesStages\vendor\cakephp\cakephp\src\Http\Runner.php(65): Cake\Error\Middleware\ErrorHandlerMiddleware->__invoke(Object(Cake\Http\ServerRequest), Object(Cake\Http\Response), Object(Cake\Http\Runner))
#13 E:\Ampps\www\GestionDesStages\vendor\cakephp\debug_kit\src\Middleware\DebugKitMiddleware.php(53): Cake\Http\Runner->__invoke(Object(Cake\Http\ServerRequest), Object(Cake\Http\Response))
#14 E:\Ampps\www\GestionDesStages\vendor\cakephp\cakephp\src\Http\Runner.php(65): DebugKit\Middleware\DebugKitMiddleware->__invoke(Object(Cake\Http\ServerRequest), Object(Cake\Http\Response), Object(Cake\Http\Runner))
#15 E:\Ampps\www\GestionDesStages\vendor\cakephp\cakephp\src\Http\Runner.php(51): Cake\Http\Runner->__invoke(Object(Cake\Http\ServerRequest), Object(Cake\Http\Response))
#16 E:\Ampps\www\GestionDesStages\vendor\cakephp\cakephp\src\Http\Server.php(98): Cake\Http\Runner->run(Object(Cake\Http\MiddlewareQueue), Object(Cake\Http\ServerRequest), Object(Cake\Http\Response))
#17 E:\Ampps\www\GestionDesStages\webroot\index.php(40): Cake\Http\Server->run()
#18 {main}


2018-11-21 19:07:12 Error: Array
(
)

2018-11-21 19:07:12 Error: {
    "user_id": "54",
    "admission_number": "111222333",
    "first_name": "MAthieu",
    "last_name": "allard",
    "phone_number": "132.231.2332",
    "informations": "Allo",
    "active": 1,
    "id": 25,
    "full_name": "MAthieu allard"
}
2018-11-21 19:07:12 Error: [Error] Class 'App\Controller\Router' not found
Request URL: /students/add/54
Referer URL: http://localhost/GestionDesStages/students/add/54
Stack Trace:
#0 E:\Ampps\www\GestionDesStages\vendor\cakephp\cakephp\src\Controller\Controller.php(596): App\Controller\StudentsController->add('54')
#1 E:\Ampps\www\GestionDesStages\vendor\cakephp\cakephp\src\Http\ActionDispatcher.php(120): Cake\Controller\Controller->invokeAction()
#2 E:\Ampps\www\GestionDesStages\vendor\cakephp\cakephp\src\Http\ActionDispatcher.php(94): Cake\Http\ActionDispatcher->_invoke(Object(App\Controller\StudentsController))
#3 E:\Ampps\www\GestionDesStages\vendor\cakephp\cakephp\src\Http\BaseApplication.php(235): Cake\Http\ActionDispatcher->dispatch(Object(Cake\Http\ServerRequest), Object(Cake\Http\Response))
#4 E:\Ampps\www\GestionDesStages\vendor\cakephp\cakephp\src\Http\Runner.php(65): Cake\Http\BaseApplication->__invoke(Object(Cake\Http\ServerRequest), Object(Cake\Http\Response), Object(Cake\Http\Runner))
#5 E:\Ampps\www\GestionDesStages\vendor\cakephp\cakephp\src\Http\Middleware\CsrfProtectionMiddleware.php(107): Cake\Http\Runner->__invoke(Object(Cake\Http\ServerRequest), Object(Cake\Http\Response))
#6 E:\Ampps\www\GestionDesStages\vendor\cakephp\cakephp\src\Http\Runner.php(65): Cake\Http\Middleware\CsrfProtectionMiddleware->__invoke(Object(Cake\Http\ServerRequest), Object(Cake\Http\Response), Object(Cake\Http\Runner))
#7 E:\Ampps\www\GestionDesStages\vendor\cakephp\cakephp\src\Routing\Middleware\RoutingMiddleware.php(156): Cake\Http\Runner->__invoke(Object(Cake\Http\ServerRequest), Object(Cake\Http\Response))
#8 E:\Ampps\www\GestionDesStages\vendor\cakephp\cakephp\src\Http\Runner.php(65): Cake\Routing\Middleware\RoutingMiddleware->__invoke(Object(Cake\Http\ServerRequest), Object(Cake\Http\Response), Object(Cake\Http\Runner))
#9 E:\Ampps\www\GestionDesStages\vendor\cakephp\cakephp\src\Routing\Middleware\AssetMiddleware.php(88): Cake\Http\Runner->__invoke(Object(Cake\Http\ServerRequest), Object(Cake\Http\Response))
#10 E:\Ampps\www\GestionDesStages\vendor\cakephp\cakephp\src\Http\Runner.php(65): Cake\Routing\Middleware\AssetMiddleware->__invoke(Object(Cake\Http\ServerRequest), Object(Cake\Http\Response), Object(Cake\Http\Runner))
#11 E:\Ampps\www\GestionDesStages\vendor\cakephp\cakephp\src\Error\Middleware\ErrorHandlerMiddleware.php(98): Cake\Http\Runner->__invoke(Object(Cake\Http\ServerRequest), Object(Cake\Http\Response))
#12 E:\Ampps\www\GestionDesStages\vendor\cakephp\cakephp\src\Http\Runner.php(65): Cake\Error\Middleware\ErrorHandlerMiddleware->__invoke(Object(Cake\Http\ServerRequest), Object(Cake\Http\Response), Object(Cake\Http\Runner))
#13 E:\Ampps\www\GestionDesStages\vendor\cakephp\debug_kit\src\Middleware\DebugKitMiddleware.php(53): Cake\Http\Runner->__invoke(Object(Cake\Http\ServerRequest), Object(Cake\Http\Response))
#14 E:\Ampps\www\GestionDesStages\vendor\cakephp\cakephp\src\Http\Runner.php(65): DebugKit\Middleware\DebugKitMiddleware->__invoke(Object(Cake\Http\ServerRequest), Object(Cake\Http\Response), Object(Cake\Http\Runner))
#15 E:\Ampps\www\GestionDesStages\vendor\cakephp\cakephp\src\Http\Runner.php(51): Cake\Http\Runner->__invoke(Object(Cake\Http\ServerRequest), Object(Cake\Http\Response))
#16 E:\Ampps\www\GestionDesStages\vendor\cakephp\cakephp\src\Http\Server.php(98): Cake\Http\Runner->run(Object(Cake\Http\MiddlewareQueue), Object(Cake\Http\ServerRequest), Object(Cake\Http\Response))
#17 E:\Ampps\www\GestionDesStages\webroot\index.php(40): Cake\Http\Server->run()
#18 {main}


2018-11-21 19:07:42 Error: view
2018-11-21 19:08:07 Error: Array
(
)

2018-11-21 19:08:07 Error: {
    "user_id": "54",
    "admission_number": "111222333",
    "first_name": "mathieu",
    "last_name": "allard",
    "phone_number": "123.123.1234",
    "informations": "Test",
    "active": 1,
    "id": 26,
    "full_name": "mathieu allard"
}
2018-11-21 19:08:14 Error: view
2018-11-21 19:08:27 Error: 
2018-11-21 19:10:06 Error: {
    "id": 54,
    "email": "ma.gamestore.app@gmail.com",
    "role": "student",
    "enterprise": null,
    "student": {
        "id": 26,
        "user_id": 54,
        "admission_number": "111222333",
        "first_name": "Mathieu",
        "last_name": "Allard",
        "phone_number": "123..12.3.12.",
        "informations": "Test",
        "notes": "",
        "active": true,
        "full_name": "Mathieu Allard"
    }
}
2018-11-21 19:10:07 Error: [Cake\Routing\Exception\MissingRouteException] A route matching "/emails/send-password-link/{
    "id": 54,
    "email": "ma.gamestore.app@gmail.com",
    "role": "student",
    "enterprise": null,
    "student": {
        "id": 26,
        "user_id": 54,
        "admission_number": "111222333",
        "first_name": "Mathieu",
        "last_name": "Allard",
        "phone_number": "123..12.3.12.",
        "informations": "Test",
        "notes": "",
        "active": true,
        "full_name": "Mathieu Allard"
    }
}" could not be found.
Exception Attributes: array (
  'url' => '/emails/send-password-link/{
    "id": 54,
    "email": "ma.gamestore.app@gmail.com",
    "role": "student",
    "enterprise": null,
    "student": {
        "id": 26,
        "user_id": 54,
        "admission_number": "111222333",
        "first_name": "Mathieu",
        "last_name": "Allard",
        "phone_number": "123..12.3.12.",
        "informations": "Test",
        "notes": "",
        "active": true,
        "full_name": "Mathieu Allard"
    }
}',
)
Request URL: /emails/send-password-link/%7B%0A%20%20%20%20%22id%22%3A%2054%2C%0A%20%20%20%20%22email%22%3A%20%22ma.gamestore.app%40gmail.com%22%2C%0A%20%20%20%20%22role%22%3A%20%22student%22%2C%0A%20%20%20%20%22enterprise%22%3A%20null%2C%0A%20%20%20%20%22student%22%3A%20%7B%0A%20%20%20%20%20%20%20%20%22id%22%3A%2026%2C%0A%20%20%20%20%20%20%20%20%22user_id%22%3A%2054%2C%0A%20%20%20%20%20%20%20%20%22admission_number%22%3A%20%22111222333%22%2C%0A%20%20%20%20%20%20%20%20%22first_name%22%3A%20%22Mathieu%22%2C%0A%20%20%20%20%20%20%20%20%22last_name%22%3A%20%22Allard%22%2C%0A%20%20%20%20%20%20%20%20%22phone_number%22%3A%20%22123..12.3.12.%22%2C%0A%20%20%20%20%20%20%20%20%22informations%22%3A%20%22Test%22%2C%0A%20%20%20%20%20%20%20%20%22notes%22%3A%20%22%22%2C%0A%20%20%20%20%20%20%20%20%22active%22%3A%20true%2C%0A%20%20%20%20%20%20%20%20%22full_name%22%3A%20%22Mathieu%20Allard%22%0A%20%20%20%20%7D%0A%7D
Referer URL: http://localhost/GestionDesStages/users/send-password-link
Stack Trace:
#0 E:\Ampps\www\GestionDesStages\vendor\cakephp\cakephp\src\Routing\Router.php(383): Cake\Routing\RouteCollection->parseRequest(Object(Cake\Http\ServerRequest))
#1 E:\Ampps\www\GestionDesStages\vendor\cakephp\cakephp\src\Routing\Middleware\RoutingMiddleware.php(140): Cake\Routing\Router::parseRequest(Object(Cake\Http\ServerRequest))
#2 E:\Ampps\www\GestionDesStages\vendor\cakephp\cakephp\src\Http\Runner.php(65): Cake\Routing\Middleware\RoutingMiddleware->__invoke(Object(Cake\Http\ServerRequest), Object(Cake\Http\Response), Object(Cake\Http\Runner))
#3 E:\Ampps\www\GestionDesStages\vendor\cakephp\cakephp\src\Routing\Middleware\AssetMiddleware.php(88): Cake\Http\Runner->__invoke(Object(Cake\Http\ServerRequest), Object(Cake\Http\Response))
#4 E:\Ampps\www\GestionDesStages\vendor\cakephp\cakephp\src\Http\Runner.php(65): Cake\Routing\Middleware\AssetMiddleware->__invoke(Object(Cake\Http\ServerRequest), Object(Cake\Http\Response), Object(Cake\Http\Runner))
#5 E:\Ampps\www\GestionDesStages\vendor\cakephp\cakephp\src\Error\Middleware\ErrorHandlerMiddleware.php(98): Cake\Http\Runner->__invoke(Object(Cake\Http\ServerRequest), Object(Cake\Http\Response))
#6 E:\Ampps\www\GestionDesStages\vendor\cakephp\cakephp\src\Http\Runner.php(65): Cake\Error\Middleware\ErrorHandlerMiddleware->__invoke(Object(Cake\Http\ServerRequest), Object(Cake\Http\Response), Object(Cake\Http\Runner))
#7 E:\Ampps\www\GestionDesStages\vendor\cakephp\debug_kit\src\Middleware\DebugKitMiddleware.php(53): Cake\Http\Runner->__invoke(Object(Cake\Http\ServerRequest), Object(Cake\Http\Response))
#8 E:\Ampps\www\GestionDesStages\vendor\cakephp\cakephp\src\Http\Runner.php(65): DebugKit\Middleware\DebugKitMiddleware->__invoke(Object(Cake\Http\ServerRequest), Object(Cake\Http\Response), Object(Cake\Http\Runner))
#9 E:\Ampps\www\GestionDesStages\vendor\cakephp\cakephp\src\Http\Runner.php(51): Cake\Http\Runner->__invoke(Object(Cake\Http\ServerRequest), Object(Cake\Http\Response))
#10 E:\Ampps\www\GestionDesStages\vendor\cakephp\cakephp\src\Http\Server.php(98): Cake\Http\Runner->run(Object(Cake\Http\MiddlewareQueue), Object(Cake\Http\ServerRequest), Object(Cake\Http\Response))
#11 E:\Ampps\www\GestionDesStages\webroot\index.php(40): Cake\Http\Server->run()
#12 {main}


2018-11-21 19:12:38 Error: 
2018-11-21 19:12:42 Error: {
    "id": 54,
    "email": "ma.gamestore.app@gmail.com",
    "role": "student",
    "enterprise": null,
    "student": {
        "id": 26,
        "user_id": 54,
        "admission_number": "111222333",
        "first_name": "Mathieu",
        "last_name": "Allard",
        "phone_number": "123..12.3.12.",
        "informations": "Test",
        "notes": "",
        "active": true,
        "full_name": "Mathieu Allard"
    }
}
2018-11-21 19:13:07 Error: 
2018-11-21 19:13:17 Error: {
    "id": 54,
    "email": "ma.gamestore.app@gmail.com",
    "role": "student",
    "enterprise": null,
    "student": {
        "id": 26,
        "user_id": 54,
        "admission_number": "111222333",
        "first_name": "Mathieu",
        "last_name": "Allard",
        "phone_number": "123..12.3.12.",
        "informations": "Test",
        "notes": "",
        "active": true,
        "full_name": "Mathieu Allard"
    }
}
2018-11-21 19:13:18 Error: [Error] Class 'App\Controller\Router' not found
Request URL: /emails/send-password-link/54
Referer URL: http://localhost/GestionDesStages/users/send-password-link
Stack Trace:
#0 E:\Ampps\www\GestionDesStages\vendor\cakephp\cakephp\src\Controller\Controller.php(596): App\Controller\EmailsController->sendPasswordLink('54')
#1 E:\Ampps\www\GestionDesStages\vendor\cakephp\cakephp\src\Http\ActionDispatcher.php(120): Cake\Controller\Controller->invokeAction()
#2 E:\Ampps\www\GestionDesStages\vendor\cakephp\cakephp\src\Http\ActionDispatcher.php(94): Cake\Http\ActionDispatcher->_invoke(Object(App\Controller\EmailsController))
#3 E:\Ampps\www\GestionDesStages\vendor\cakephp\cakephp\src\Http\BaseApplication.php(235): Cake\Http\ActionDispatcher->dispatch(Object(Cake\Http\ServerRequest), Object(Cake\Http\Response))
#4 E:\Ampps\www\GestionDesStages\vendor\cakephp\cakephp\src\Http\Runner.php(65): Cake\Http\BaseApplication->__invoke(Object(Cake\Http\ServerRequest), Object(Cake\Http\Response), Object(Cake\Http\Runner))
#5 E:\Ampps\www\GestionDesStages\vendor\cakephp\cakephp\src\Http\Middleware\CsrfProtectionMiddleware.php(107): Cake\Http\Runner->__invoke(Object(Cake\Http\ServerRequest), Object(Cake\Http\Response))
#6 E:\Ampps\www\GestionDesStages\vendor\cakephp\cakephp\src\Http\Runner.php(65): Cake\Http\Middleware\CsrfProtectionMiddleware->__invoke(Object(Cake\Http\ServerRequest), Object(Cake\Http\Response), Object(Cake\Http\Runner))
#7 E:\Ampps\www\GestionDesStages\vendor\cakephp\cakephp\src\Routing\Middleware\RoutingMiddleware.php(156): Cake\Http\Runner->__invoke(Object(Cake\Http\ServerRequest), Object(Cake\Http\Response))
#8 E:\Ampps\www\GestionDesStages\vendor\cakephp\cakephp\src\Http\Runner.php(65): Cake\Routing\Middleware\RoutingMiddleware->__invoke(Object(Cake\Http\ServerRequest), Object(Cake\Http\Response), Object(Cake\Http\Runner))
#9 E:\Ampps\www\GestionDesStages\vendor\cakephp\cakephp\src\Routing\Middleware\AssetMiddleware.php(88): Cake\Http\Runner->__invoke(Object(Cake\Http\ServerRequest), Object(Cake\Http\Response))
#10 E:\Ampps\www\GestionDesStages\vendor\cakephp\cakephp\src\Http\Runner.php(65): Cake\Routing\Middleware\AssetMiddleware->__invoke(Object(Cake\Http\ServerRequest), Object(Cake\Http\Response), Object(Cake\Http\Runner))
#11 E:\Ampps\www\GestionDesStages\vendor\cakephp\cakephp\src\Error\Middleware\ErrorHandlerMiddleware.php(98): Cake\Http\Runner->__invoke(Object(Cake\Http\ServerRequest), Object(Cake\Http\Response))
#12 E:\Ampps\www\GestionDesStages\vendor\cakephp\cakephp\src\Http\Runner.php(65): Cake\Error\Middleware\ErrorHandlerMiddleware->__invoke(Object(Cake\Http\ServerRequest), Object(Cake\Http\Response), Object(Cake\Http\Runner))
#13 E:\Ampps\www\GestionDesStages\vendor\cakephp\debug_kit\src\Middleware\DebugKitMiddleware.php(53): Cake\Http\Runner->__invoke(Object(Cake\Http\ServerRequest), Object(Cake\Http\Response))
#14 E:\Ampps\www\GestionDesStages\vendor\cakephp\cakephp\src\Http\Runner.php(65): DebugKit\Middleware\DebugKitMiddleware->__invoke(Object(Cake\Http\ServerRequest), Object(Cake\Http\Response), Object(Cake\Http\Runner))
#15 E:\Ampps\www\GestionDesStages\vendor\cakephp\cakephp\src\Http\Runner.php(51): Cake\Http\Runner->__invoke(Object(Cake\Http\ServerRequest), Object(Cake\Http\Response))
#16 E:\Ampps\www\GestionDesStages\vendor\cakephp\cakephp\src\Http\Server.php(98): Cake\Http\Runner->run(Object(Cake\Http\MiddlewareQueue), Object(Cake\Http\ServerRequest), Object(Cake\Http\Response))
#17 E:\Ampps\www\GestionDesStages\webroot\index.php(40): Cake\Http\Server->run()
#18 {main}


2018-11-21 19:13:46 Error: 
2018-11-21 19:13:48 Error: {
    "id": 54,
    "email": "ma.gamestore.app@gmail.com",
    "role": "student",
    "enterprise": null,
    "student": {
        "id": 26,
        "user_id": 54,
        "admission_number": "111222333",
        "first_name": "Mathieu",
        "last_name": "Allard",
        "phone_number": "123..12.3.12.",
        "informations": "Test",
        "notes": "",
        "active": true,
        "full_name": "Mathieu Allard"
    }
}
2018-11-21 19:13:48 Error: [TypeError] Argument 1 passed to Cake\ORM\Table::save() must implement interface Cake\Datasource\EntityInterface, null given, called in E:\Ampps\www\GestionDesStages\src\Controller\EmailsController.php on line 155
Request URL: /emails/send-password-link/54
Referer URL: http://localhost/GestionDesStages/users/send-password-link
Stack Trace:
#0 E:\Ampps\www\GestionDesStages\src\Controller\EmailsController.php(155): Cake\ORM\Table->save(NULL)
#1 E:\Ampps\www\GestionDesStages\vendor\cakephp\cakephp\src\Controller\Controller.php(596): App\Controller\EmailsController->sendPasswordLink('54')
#2 E:\Ampps\www\GestionDesStages\vendor\cakephp\cakephp\src\Http\ActionDispatcher.php(120): Cake\Controller\Controller->invokeAction()
#3 E:\Ampps\www\GestionDesStages\vendor\cakephp\cakephp\src\Http\ActionDispatcher.php(94): Cake\Http\ActionDispatcher->_invoke(Object(App\Controller\EmailsController))
#4 E:\Ampps\www\GestionDesStages\vendor\cakephp\cakephp\src\Http\BaseApplication.php(235): Cake\Http\ActionDispatcher->dispatch(Object(Cake\Http\ServerRequest), Object(Cake\Http\Response))
#5 E:\Ampps\www\GestionDesStages\vendor\cakephp\cakephp\src\Http\Runner.php(65): Cake\Http\BaseApplication->__invoke(Object(Cake\Http\ServerRequest), Object(Cake\Http\Response), Object(Cake\Http\Runner))
#6 E:\Ampps\www\GestionDesStages\vendor\cakephp\cakephp\src\Http\Middleware\CsrfProtectionMiddleware.php(107): Cake\Http\Runner->__invoke(Object(Cake\Http\ServerRequest), Object(Cake\Http\Response))
#7 E:\Ampps\www\GestionDesStages\vendor\cakephp\cakephp\src\Http\Runner.php(65): Cake\Http\Middleware\CsrfProtectionMiddleware->__invoke(Object(Cake\Http\ServerRequest), Object(Cake\Http\Response), Object(Cake\Http\Runner))
#8 E:\Ampps\www\GestionDesStages\vendor\cakephp\cakephp\src\Routing\Middleware\RoutingMiddleware.php(156): Cake\Http\Runner->__invoke(Object(Cake\Http\ServerRequest), Object(Cake\Http\Response))
#9 E:\Ampps\www\GestionDesStages\vendor\cakephp\cakephp\src\Http\Runner.php(65): Cake\Routing\Middleware\RoutingMiddleware->__invoke(Object(Cake\Http\ServerRequest), Object(Cake\Http\Response), Object(Cake\Http\Runner))
#10 E:\Ampps\www\GestionDesStages\vendor\cakephp\cakephp\src\Routing\Middleware\AssetMiddleware.php(88): Cake\Http\Runner->__invoke(Object(Cake\Http\ServerRequest), Object(Cake\Http\Response))
#11 E:\Ampps\www\GestionDesStages\vendor\cakephp\cakephp\src\Http\Runner.php(65): Cake\Routing\Middleware\AssetMiddleware->__invoke(Object(Cake\Http\ServerRequest), Object(Cake\Http\Response), Object(Cake\Http\Runner))
#12 E:\Ampps\www\GestionDesStages\vendor\cakephp\cakephp\src\Error\Middleware\ErrorHandlerMiddleware.php(98): Cake\Http\Runner->__invoke(Object(Cake\Http\ServerRequest), Object(Cake\Http\Response))
#13 E:\Ampps\www\GestionDesStages\vendor\cakephp\cakephp\src\Http\Runner.php(65): Cake\Error\Middleware\ErrorHandlerMiddleware->__invoke(Object(Cake\Http\ServerRequest), Object(Cake\Http\Response), Object(Cake\Http\Runner))
#14 E:\Ampps\www\GestionDesStages\vendor\cakephp\debug_kit\src\Middleware\DebugKitMiddleware.php(53): Cake\Http\Runner->__invoke(Object(Cake\Http\ServerRequest), Object(Cake\Http\Response))
#15 E:\Ampps\www\GestionDesStages\vendor\cakephp\cakephp\src\Http\Runner.php(65): DebugKit\Middleware\DebugKitMiddleware->__invoke(Object(Cake\Http\ServerRequest), Object(Cake\Http\Response), Object(Cake\Http\Runner))
#16 E:\Ampps\www\GestionDesStages\vendor\cakephp\cakephp\src\Http\Runner.php(51): Cake\Http\Runner->__invoke(Object(Cake\Http\ServerRequest), Object(Cake\Http\Response))
#17 E:\Ampps\www\GestionDesStages\vendor\cakephp\cakephp\src\Http\Server.php(98): Cake\Http\Runner->run(Object(Cake\Http\MiddlewareQueue), Object(Cake\Http\ServerRequest), Object(Cake\Http\Response))
#18 E:\Ampps\www\GestionDesStages\webroot\index.php(40): Cake\Http\Server->run()
#19 {main}


2018-11-21 19:13:49 Warning: Warning (512): Unable to emit headers. Headers sent in file=E:\Ampps\www\GestionDesStages\vendor\cakephp\cakephp\src\Error\Debugger.php line=853 in [E:\Ampps\www\GestionDesStages\vendor\cakephp\cakephp\src\Http\ResponseEmitter.php, line 48]
Request URL: /emails/send-password-link/54
Referer URL: http://localhost/GestionDesStages/users/send-password-link
Trace:
Cake\Error\BaseErrorHandler::handleError() - CORE\src\Error\BaseErrorHandler.php, line 159
Cake\Core\BasePlugin::{closure}() - ROOT\vendor\cakephp\debug_kit\config\bootstrap.php, line 41
Cake\Http\ResponseEmitter::emit() - CORE\src\Http\ResponseEmitter.php, line 48
Cake\Http\Server::emit() - CORE\src\Http\Server.php, line 141
[main] - ROOT\webroot\index.php, line 40



2018-11-21 19:13:49 Warning: Warning (2): Cannot modify header information - headers already sent by (output started at E:\Ampps\www\GestionDesStages\vendor\cakephp\cakephp\src\Error\Debugger.php:853) in [E:\Ampps\www\GestionDesStages\vendor\cakephp\cakephp\src\Http\ResponseEmitter.php, line 148]
Request URL: /emails/send-password-link/54
Referer URL: http://localhost/GestionDesStages/users/send-password-link
Trace:
Cake\Error\BaseErrorHandler::handleError() - CORE\src\Error\BaseErrorHandler.php, line 159
Cake\Core\BasePlugin::{closure}() - ROOT\vendor\cakephp\debug_kit\config\bootstrap.php, line 41
header - [internal], line ??
Cake\Http\ResponseEmitter::emitStatusLine() - CORE\src\Http\ResponseEmitter.php, line 148
Cake\Http\ResponseEmitter::emit() - CORE\src\Http\ResponseEmitter.php, line 54
Cake\Http\Server::emit() - CORE\src\Http\Server.php, line 141
[main] - ROOT\webroot\index.php, line 40



2018-11-21 19:13:49 Warning: Warning (2): Cannot modify header information - headers already sent by (output started at E:\Ampps\www\GestionDesStages\vendor\cakephp\cakephp\src\Error\Debugger.php:853) in [E:\Ampps\www\GestionDesStages\vendor\cakephp\cakephp\src\Http\ResponseEmitter.php, line 181]
Request URL: /emails/send-password-link/54
Referer URL: http://localhost/GestionDesStages/users/send-password-link
Trace:
Cake\Error\BaseErrorHandler::handleError() - CORE\src\Error\BaseErrorHandler.php, line 159
Cake\Core\BasePlugin::{closure}() - ROOT\vendor\cakephp\debug_kit\config\bootstrap.php, line 41
header - [internal], line ??
Cake\Http\ResponseEmitter::emitHeaders() - CORE\src\Http\ResponseEmitter.php, line 181
Cake\Http\ResponseEmitter::emit() - CORE\src\Http\ResponseEmitter.php, line 55
Cake\Http\Server::emit() - CORE\src\Http\Server.php, line 141
[main] - ROOT\webroot\index.php, line 40



2018-11-21 19:13:49 Warning: Warning (2): Cannot modify header information - headers already sent by (output started at E:\Ampps\www\GestionDesStages\vendor\cakephp\cakephp\src\Error\Debugger.php:853) in [E:\Ampps\www\GestionDesStages\vendor\cakephp\cakephp\src\Http\ResponseEmitter.php, line 181]
Request URL: /emails/send-password-link/54
Referer URL: http://localhost/GestionDesStages/users/send-password-link
Trace:
Cake\Error\BaseErrorHandler::handleError() - CORE\src\Error\BaseErrorHandler.php, line 159
Cake\Core\BasePlugin::{closure}() - ROOT\vendor\cakephp\debug_kit\config\bootstrap.php, line 41
header - [internal], line ??
Cake\Http\ResponseEmitter::emitHeaders() - CORE\src\Http\ResponseEmitter.php, line 181
Cake\Http\ResponseEmitter::emit() - CORE\src\Http\ResponseEmitter.php, line 55
Cake\Http\Server::emit() - CORE\src\Http\Server.php, line 141
[main] - ROOT\webroot\index.php, line 40



2018-11-21 19:14:20 Error: 
2018-11-21 19:14:23 Error: {
    "id": 54,
    "email": "ma.gamestore.app@gmail.com",
    "role": "student",
    "enterprise": null,
    "student": {
        "id": 26,
        "user_id": 54,
        "admission_number": "111222333",
        "first_name": "Mathieu",
        "last_name": "Allard",
        "phone_number": "123..12.3.12.",
        "informations": "Test",
        "notes": "",
        "active": true,
        "full_name": "Mathieu Allard"
    }
}
2018-11-21 19:14:24 Error: [Cake\Network\Exception\SocketException] No connection could be made because the target machine actively refused it.

Request URL: /emails/send-password-link/54
Referer URL: http://localhost/GestionDesStages/users/send-password-link
Stack Trace:
#0 E:\Ampps\www\GestionDesStages\vendor\cakephp\cakephp\src\Mailer\Transport\SmtpTransport.php(207): Cake\Network\Socket->connect()
#1 E:\Ampps\www\GestionDesStages\vendor\cakephp\cakephp\src\Mailer\Transport\SmtpTransport.php(162): Cake\Mailer\Transport\SmtpTransport->_connect()
#2 E:\Ampps\www\GestionDesStages\vendor\cakephp\debug_kit\src\Mailer\Transport\DebugKitTransport.php(79): Cake\Mailer\Transport\SmtpTransport->send(Object(Cake\Mailer\Email))
#3 E:\Ampps\www\GestionDesStages\vendor\cakephp\cakephp\src\Mailer\Email.php(2170): DebugKit\Mailer\Transport\DebugKitTransport->send(Object(Cake\Mailer\Email))
#4 E:\Ampps\www\GestionDesStages\src\Controller\EmailsController.php(162): Cake\Mailer\Email->send()
#5 E:\Ampps\www\GestionDesStages\vendor\cakephp\cakephp\src\Controller\Controller.php(596): App\Controller\EmailsController->sendPasswordLink('54')
#6 E:\Ampps\www\GestionDesStages\vendor\cakephp\cakephp\src\Http\ActionDispatcher.php(120): Cake\Controller\Controller->invokeAction()
#7 E:\Ampps\www\GestionDesStages\vendor\cakephp\cakephp\src\Http\ActionDispatcher.php(94): Cake\Http\ActionDispatcher->_invoke(Object(App\Controller\EmailsController))
#8 E:\Ampps\www\GestionDesStages\vendor\cakephp\cakephp\src\Http\BaseApplication.php(235): Cake\Http\ActionDispatcher->dispatch(Object(Cake\Http\ServerRequest), Object(Cake\Http\Response))
#9 E:\Ampps\www\GestionDesStages\vendor\cakephp\cakephp\src\Http\Runner.php(65): Cake\Http\BaseApplication->__invoke(Object(Cake\Http\ServerRequest), Object(Cake\Http\Response), Object(Cake\Http\Runner))
#10 E:\Ampps\www\GestionDesStages\vendor\cakephp\cakephp\src\Http\Middleware\CsrfProtectionMiddleware.php(107): Cake\Http\Runner->__invoke(Object(Cake\Http\ServerRequest), Object(Cake\Http\Response))
#11 E:\Ampps\www\GestionDesStages\vendor\cakephp\cakephp\src\Http\Runner.php(65): Cake\Http\Middleware\CsrfProtectionMiddleware->__invoke(Object(Cake\Http\ServerRequest), Object(Cake\Http\Response), Object(Cake\Http\Runner))
#12 E:\Ampps\www\GestionDesStages\vendor\cakephp\cakephp\src\Routing\Middleware\RoutingMiddleware.php(156): Cake\Http\Runner->__invoke(Object(Cake\Http\ServerRequest), Object(Cake\Http\Response))
#13 E:\Ampps\www\GestionDesStages\vendor\cakephp\cakephp\src\Http\Runner.php(65): Cake\Routing\Middleware\RoutingMiddleware->__invoke(Object(Cake\Http\ServerRequest), Object(Cake\Http\Response), Object(Cake\Http\Runner))
#14 E:\Ampps\www\GestionDesStages\vendor\cakephp\cakephp\src\Routing\Middleware\AssetMiddleware.php(88): Cake\Http\Runner->__invoke(Object(Cake\Http\ServerRequest), Object(Cake\Http\Response))
#15 E:\Ampps\www\GestionDesStages\vendor\cakephp\cakephp\src\Http\Runner.php(65): Cake\Routing\Middleware\AssetMiddleware->__invoke(Object(Cake\Http\ServerRequest), Object(Cake\Http\Response), Object(Cake\Http\Runner))
#16 E:\Ampps\www\GestionDesStages\vendor\cakephp\cakephp\src\Error\Middleware\ErrorHandlerMiddleware.php(98): Cake\Http\Runner->__invoke(Object(Cake\Http\ServerRequest), Object(Cake\Http\Response))
#17 E:\Ampps\www\GestionDesStages\vendor\cakephp\cakephp\src\Http\Runner.php(65): Cake\Error\Middleware\ErrorHandlerMiddleware->__invoke(Object(Cake\Http\ServerRequest), Object(Cake\Http\Response), Object(Cake\Http\Runner))
#18 E:\Ampps\www\GestionDesStages\vendor\cakephp\debug_kit\src\Middleware\DebugKitMiddleware.php(53): Cake\Http\Runner->__invoke(Object(Cake\Http\ServerRequest), Object(Cake\Http\Response))
#19 E:\Ampps\www\GestionDesStages\vendor\cakephp\cakephp\src\Http\Runner.php(65): DebugKit\Middleware\DebugKitMiddleware->__invoke(Object(Cake\Http\ServerRequest), Object(Cake\Http\Response), Object(Cake\Http\Runner))
#20 E:\Ampps\www\GestionDesStages\vendor\cakephp\cakephp\src\Http\Runner.php(51): Cake\Http\Runner->__invoke(Object(Cake\Http\ServerRequest), Object(Cake\Http\Response))
#21 E:\Ampps\www\GestionDesStages\vendor\cakephp\cakephp\src\Http\Server.php(98): Cake\Http\Runner->run(Object(Cake\Http\MiddlewareQueue), Object(Cake\Http\ServerRequest), Object(Cake\Http\Response))
#22 E:\Ampps\www\GestionDesStages\webroot\index.php(40): Cake\Http\Server->run()
#23 {main}


2018-11-21 19:15:12 Error: 
2018-11-21 19:15:15 Error: {
    "id": 54,
    "email": "ma.gamestore.app@gmail.com",
    "role": "student",
    "enterprise": null,
    "student": {
        "id": 26,
        "user_id": 54,
        "admission_number": "111222333",
        "first_name": "Mathieu",
        "last_name": "Allard",
        "phone_number": "123..12.3.12.",
        "informations": "Test",
        "notes": "",
        "active": true,
        "full_name": "Mathieu Allard"
    }
}
